-- The C compiler identification is GNU 11.4.0
-- The CXX compiler identification is GNU 11.4.0
-- Detecting C compiler ABI info
-- Detecting C compiler ABI info - done
-- Check for working C compiler: /usr/bin/cc - skipped
-- Detecting C compile features
-- Detecting C compile features - done
-- Detecting CXX compiler ABI info
-- Detecting CXX compiler ABI info - done
-- Check for working CXX compiler: /usr/bin/c++ - skipped
-- Detecting CXX compile features
-- Detecting CXX compile features - done
-- Found rosidl_default_generators: 1.2.0 (/opt/ros/humble/share/rosidl_default_generators/cmake)
-- Found ament_cmake_core: 1.3.10 (/opt/ros/humble/share/ament_cmake_core/cmake)
-- Found Python3: /usr/bin/python3 (found version "3.10.12") found components: Interpreter 
-- Using all available rosidl_typesupport_c: rosidl_typesupport_fastrtps_c;rosidl_typesupport_introspection_c
-- Found rosidl_adapter: 3.1.5 (/opt/ros/humble/share/rosidl_adapter/cmake)
-- Using all available rosidl_typesupport_cpp: rosidl_typesupport_fastrtps_cpp;rosidl_typesupport_introspection_cpp
-- Found builtin_interfaces: 1.2.1 (/opt/ros/humble/share/builtin_interfaces/cmake)
-- Found geometry_msgs: 4.2.4 (/opt/ros/humble/share/geometry_msgs/cmake)
-- Found ament_cmake_ros: 0.10.0 (/opt/ros/humble/share/ament_cmake_ros/cmake)
-- Using all available rosidl_typesupport_c: rosidl_typesupport_fastrtps_c;rosidl_typesupport_introspection_c
-- Using all available rosidl_typesupport_cpp: rosidl_typesupport_fastrtps_cpp;rosidl_typesupport_introspection_cpp
-- Found PythonInterp: /usr/bin/python3 (found suitable version "3.10.12", minimum required is "3.6") 
-- Found python_cmake_module: 0.10.0 (/opt/ros/humble/share/python_cmake_module/cmake)
-- Found PythonLibs: /usr/lib/x86_64-linux-gnu/libpython3.10.so (found suitable version "3.10.12", minimum required is "3.5") 
-- Using PYTHON_EXECUTABLE: /usr/bin/python3
-- Using PYTHON_INCLUDE_DIRS: /usr/include/python3.10
-- Using PYTHON_LIBRARIES: /usr/lib/x86_64-linux-gnu/libpython3.10.so
-- Found PythonExtra: .so  
-- Found ament_lint_auto: 0.12.11 (/opt/ros/humble/share/ament_lint_auto/cmake)
-- Added test 'copyright' to check source files copyright and LICENSE
-- Added test 'lint_cmake' to check CMake code style
-- Added test 'xmllint' to check XML markup files
-- Configuring done
-- Generating done
-- Build files have been written to: /home/webdrag0n/morpheus/workspace_colcon/build/unity_robotics_demo_msgs
[  1%] [34m[1mGenerating C code for ROS interfaces[0m
[  3%] [34m[1mGenerating C++ code for ROS interfaces[0m
[  3%] Built target ament_cmake_python_copy_unity_robotics_demo_msgs
running egg_info
creating unity_robotics_demo_msgs.egg-info
writing unity_robotics_demo_msgs.egg-info/PKG-INFO
writing dependency_links to unity_robotics_demo_msgs.egg-info/dependency_links.txt
writing top-level names to unity_robotics_demo_msgs.egg-info/top_level.txt
writing manifest file 'unity_robotics_demo_msgs.egg-info/SOURCES.txt'
reading manifest file 'unity_robotics_demo_msgs.egg-info/SOURCES.txt'
writing manifest file 'unity_robotics_demo_msgs.egg-info/SOURCES.txt'
[  3%] Built target ament_cmake_python_build_unity_robotics_demo_msgs_egg
[  3%] Built target unity_robotics_demo_msgs__cpp
[  5%] [34m[1mGenerating C++ type support dispatch for ROS interfaces[0m
[  7%] [34m[1mGenerating C++ introspection for ROS interfaces[0m
[  9%] [34m[1mGenerating C++ type support for eProsima Fast-RTPS[0m
[ 10%] [32mBuilding C object CMakeFiles/unity_robotics_demo_msgs__rosidl_generator_c.dir/rosidl_generator_c/unity_robotics_demo_msgs/srv/detail/position_service__functions.c.o[0m
[ 12%] [32mBuilding C object CMakeFiles/unity_robotics_demo_msgs__rosidl_generator_c.dir/rosidl_generator_c/unity_robotics_demo_msgs/msg/detail/pos_rot__functions.c.o[0m
[ 14%] [32mBuilding C object CMakeFiles/unity_robotics_demo_msgs__rosidl_generator_c.dir/rosidl_generator_c/unity_robotics_demo_msgs/msg/detail/unity_color__functions.c.o[0m
[ 16%] [32mBuilding C object CMakeFiles/unity_robotics_demo_msgs__rosidl_generator_c.dir/rosidl_generator_c/unity_robotics_demo_msgs/srv/detail/object_pose_service__functions.c.o[0m
[ 18%] [32m[1mLinking C shared library libunity_robotics_demo_msgs__rosidl_generator_c.so[0m
[ 20%] [32mBuilding CXX object CMakeFiles/unity_robotics_demo_msgs__rosidl_typesupport_cpp.dir/rosidl_typesupport_cpp/unity_robotics_demo_msgs/srv/position_service__type_support.cpp.o[0m
[ 21%] [32mBuilding CXX object CMakeFiles/unity_robotics_demo_msgs__rosidl_typesupport_cpp.dir/rosidl_typesupport_cpp/unity_robotics_demo_msgs/msg/unity_color__type_support.cpp.o[0m
[ 23%] [32mBuilding CXX object CMakeFiles/unity_robotics_demo_msgs__rosidl_typesupport_cpp.dir/rosidl_typesupport_cpp/unity_robotics_demo_msgs/msg/pos_rot__type_support.cpp.o[0m
[ 25%] [32mBuilding CXX object CMakeFiles/unity_robotics_demo_msgs__rosidl_typesupport_cpp.dir/rosidl_typesupport_cpp/unity_robotics_demo_msgs/srv/object_pose_service__type_support.cpp.o[0m
[ 25%] Built target unity_robotics_demo_msgs__rosidl_generator_c
[ 27%] [32mBuilding CXX object CMakeFiles/unity_robotics_demo_msgs__rosidl_typesupport_introspection_cpp.dir/rosidl_typesupport_introspection_cpp/unity_robotics_demo_msgs/msg/detail/unity_color__type_support.cpp.o[0m
[ 29%] [32mBuilding CXX object CMakeFiles/unity_robotics_demo_msgs__rosidl_typesupport_introspection_cpp.dir/rosidl_typesupport_introspection_cpp/unity_robotics_demo_msgs/srv/detail/object_pose_service__type_support.cpp.o[0m
[ 30%] [32mBuilding CXX object CMakeFiles/unity_robotics_demo_msgs__rosidl_typesupport_introspection_cpp.dir/rosidl_typesupport_introspection_cpp/unity_robotics_demo_msgs/srv/detail/position_service__type_support.cpp.o[0m
[ 32%] [32mBuilding CXX object CMakeFiles/unity_robotics_demo_msgs__rosidl_typesupport_introspection_cpp.dir/rosidl_typesupport_introspection_cpp/unity_robotics_demo_msgs/msg/detail/pos_rot__type_support.cpp.o[0m
[ 34%] [34m[1mGenerating C type support dispatch for ROS interfaces[0m
[ 36%] [34m[1mGenerating C introspection for ROS interfaces[0m
[ 38%] [34m[1mGenerating C type support for eProsima Fast-RTPS[0m
[ 40%] [32mBuilding CXX object CMakeFiles/unity_robotics_demo_msgs__rosidl_typesupport_fastrtps_cpp.dir/rosidl_typesupport_fastrtps_cpp/unity_robotics_demo_msgs/msg/detail/dds_fastrtps/pos_rot__type_support.cpp.o[0m
[ 41%] [32mBuilding CXX object CMakeFiles/unity_robotics_demo_msgs__rosidl_typesupport_fastrtps_cpp.dir/rosidl_typesupport_fastrtps_cpp/unity_robotics_demo_msgs/msg/detail/dds_fastrtps/unity_color__type_support.cpp.o[0m
[ 43%] [32mBuilding CXX object CMakeFiles/unity_robotics_demo_msgs__rosidl_typesupport_fastrtps_cpp.dir/rosidl_typesupport_fastrtps_cpp/unity_robotics_demo_msgs/srv/detail/dds_fastrtps/position_service__type_support.cpp.o[0m
[ 45%] [32mBuilding CXX object CMakeFiles/unity_robotics_demo_msgs__rosidl_typesupport_fastrtps_cpp.dir/rosidl_typesupport_fastrtps_cpp/unity_robotics_demo_msgs/srv/detail/dds_fastrtps/object_pose_service__type_support.cpp.o[0m
[ 47%] [32m[1mLinking CXX shared library libunity_robotics_demo_msgs__rosidl_typesupport_cpp.so[0m
[ 49%] [32mBuilding CXX object CMakeFiles/unity_robotics_demo_msgs__rosidl_typesupport_c.dir/rosidl_typesupport_c/unity_robotics_demo_msgs/msg/pos_rot__type_support.cpp.o[0m
[ 50%] [32mBuilding CXX object CMakeFiles/unity_robotics_demo_msgs__rosidl_typesupport_c.dir/rosidl_typesupport_c/unity_robotics_demo_msgs/msg/unity_color__type_support.cpp.o[0m
[ 52%] [32mBuilding CXX object CMakeFiles/unity_robotics_demo_msgs__rosidl_typesupport_c.dir/rosidl_typesupport_c/unity_robotics_demo_msgs/srv/object_pose_service__type_support.cpp.o[0m
[ 54%] [32mBuilding CXX object CMakeFiles/unity_robotics_demo_msgs__rosidl_typesupport_c.dir/rosidl_typesupport_c/unity_robotics_demo_msgs/srv/position_service__type_support.cpp.o[0m
[ 56%] [32m[1mLinking CXX shared library libunity_robotics_demo_msgs__rosidl_typesupport_c.so[0m
[ 58%] [32m[1mLinking CXX shared library libunity_robotics_demo_msgs__rosidl_typesupport_introspection_cpp.so[0m
[ 60%] [32mBuilding C object CMakeFiles/unity_robotics_demo_msgs__rosidl_typesupport_introspection_c.dir/rosidl_typesupport_introspection_c/unity_robotics_demo_msgs/msg/detail/unity_color__type_support.c.o[0m
[ 61%] [32mBuilding C object CMakeFiles/unity_robotics_demo_msgs__rosidl_typesupport_introspection_c.dir/rosidl_typesupport_introspection_c/unity_robotics_demo_msgs/srv/detail/object_pose_service__type_support.c.o[0m
[ 65%] [32mBuilding C object CMakeFiles/unity_robotics_demo_msgs__rosidl_typesupport_introspection_c.dir/rosidl_typesupport_introspection_c/unity_robotics_demo_msgs/msg/detail/pos_rot__type_support.c.o[0m
[ 65%] [32mBuilding C object CMakeFiles/unity_robotics_demo_msgs__rosidl_typesupport_introspection_c.dir/rosidl_typesupport_introspection_c/unity_robotics_demo_msgs/srv/detail/position_service__type_support.c.o[0m
[ 67%] [32mBuilding CXX object CMakeFiles/unity_robotics_demo_msgs__rosidl_typesupport_fastrtps_c.dir/rosidl_typesupport_fastrtps_c/unity_robotics_demo_msgs/msg/detail/pos_rot__type_support_c.cpp.o[0m
[ 69%] [32mBuilding CXX object CMakeFiles/unity_robotics_demo_msgs__rosidl_typesupport_fastrtps_c.dir/rosidl_typesupport_fastrtps_c/unity_robotics_demo_msgs/msg/detail/unity_color__type_support_c.cpp.o[0m
[ 70%] [32mBuilding CXX object CMakeFiles/unity_robotics_demo_msgs__rosidl_typesupport_fastrtps_c.dir/rosidl_typesupport_fastrtps_c/unity_robotics_demo_msgs/srv/detail/object_pose_service__type_support_c.cpp.o[0m
[ 72%] [32mBuilding CXX object CMakeFiles/unity_robotics_demo_msgs__rosidl_typesupport_fastrtps_c.dir/rosidl_typesupport_fastrtps_c/unity_robotics_demo_msgs/srv/detail/position_service__type_support_c.cpp.o[0m
[ 74%] [32m[1mLinking C shared library libunity_robotics_demo_msgs__rosidl_typesupport_introspection_c.so[0m
[ 74%] Built target unity_robotics_demo_msgs__rosidl_typesupport_cpp
[ 74%] Built target unity_robotics_demo_msgs__rosidl_typesupport_c
[ 76%] [32m[1mLinking CXX shared library libunity_robotics_demo_msgs__rosidl_typesupport_fastrtps_cpp.so[0m
[ 76%] Built target unity_robotics_demo_msgs__rosidl_typesupport_introspection_cpp
[ 76%] Built target unity_robotics_demo_msgs__rosidl_typesupport_introspection_c
[ 78%] [32m[1mLinking CXX shared library libunity_robotics_demo_msgs__rosidl_typesupport_fastrtps_c.so[0m
[ 78%] Built target unity_robotics_demo_msgs__rosidl_typesupport_fastrtps_cpp
[ 78%] Built target unity_robotics_demo_msgs__rosidl_typesupport_fastrtps_c
[ 78%] Built target unity_robotics_demo_msgs
[ 80%] [34m[1mGenerating Python code for ROS interfaces[0m
[ 80%] Built target unity_robotics_demo_msgs__py
[ 81%] [32mBuilding C object CMakeFiles/unity_robotics_demo_msgs__rosidl_generator_py.dir/rosidl_generator_py/unity_robotics_demo_msgs/msg/_pos_rot_s.c.o[0m
[ 83%] [32mBuilding C object CMakeFiles/unity_robotics_demo_msgs__rosidl_generator_py.dir/rosidl_generator_py/unity_robotics_demo_msgs/msg/_unity_color_s.c.o[0m
[ 87%] [32mBuilding C object CMakeFiles/unity_robotics_demo_msgs__rosidl_generator_py.dir/rosidl_generator_py/unity_robotics_demo_msgs/srv/_object_pose_service_s.c.o[0m
[ 87%] [32mBuilding C object CMakeFiles/unity_robotics_demo_msgs__rosidl_generator_py.dir/rosidl_generator_py/unity_robotics_demo_msgs/srv/_position_service_s.c.o[0m
[ 89%] [32m[1mLinking C shared library rosidl_generator_py/unity_robotics_demo_msgs/libunity_robotics_demo_msgs__rosidl_generator_py.so[0m
[ 89%] Built target unity_robotics_demo_msgs__rosidl_generator_py
[ 90%] [32mBuilding C object CMakeFiles/unity_robotics_demo_msgs__rosidl_typesupport_introspection_c__pyext.dir/rosidl_generator_py/unity_robotics_demo_msgs/_unity_robotics_demo_msgs_s.ep.rosidl_typesupport_introspection_c.c.o[0m
[ 92%] [32mBuilding C object CMakeFiles/unity_robotics_demo_msgs__rosidl_typesupport_c__pyext.dir/rosidl_generator_py/unity_robotics_demo_msgs/_unity_robotics_demo_msgs_s.ep.rosidl_typesupport_c.c.o[0m
[ 94%] [32mBuilding C object CMakeFiles/unity_robotics_demo_msgs__rosidl_typesupport_fastrtps_c__pyext.dir/rosidl_generator_py/unity_robotics_demo_msgs/_unity_robotics_demo_msgs_s.ep.rosidl_typesupport_fastrtps_c.c.o[0m
[ 96%] [32m[1mLinking C shared library rosidl_generator_py/unity_robotics_demo_msgs/unity_robotics_demo_msgs_s__rosidl_typesupport_fastrtps_c.cpython-310-x86_64-linux-gnu.so[0m
[ 98%] [32m[1mLinking C shared library rosidl_generator_py/unity_robotics_demo_msgs/unity_robotics_demo_msgs_s__rosidl_typesupport_introspection_c.cpython-310-x86_64-linux-gnu.so[0m
[100%] [32m[1mLinking C shared library rosidl_generator_py/unity_robotics_demo_msgs/unity_robotics_demo_msgs_s__rosidl_typesupport_c.cpython-310-x86_64-linux-gnu.so[0m
[100%] Built target unity_robotics_demo_msgs__rosidl_typesupport_introspection_c__pyext
[100%] Built target unity_robotics_demo_msgs__rosidl_typesupport_c__pyext
[100%] Built target unity_robotics_demo_msgs__rosidl_typesupport_fastrtps_c__pyext
-- Install configuration: ""
-- Installing: /home/webdrag0n/morpheus/workspace_colcon/install/unity_robotics_demo_msgs/share/ament_index/resource_index/rosidl_interfaces/unity_robotics_demo_msgs
-- Installing: /home/webdrag0n/morpheus/workspace_colcon/install/unity_robotics_demo_msgs/include/unity_robotics_demo_msgs/unity_robotics_demo_msgs
-- Installing: /home/webdrag0n/morpheus/workspace_colcon/install/unity_robotics_demo_msgs/include/unity_robotics_demo_msgs/unity_robotics_demo_msgs/srv
-- Installing: /home/webdrag0n/morpheus/workspace_colcon/install/unity_robotics_demo_msgs/include/unity_robotics_demo_msgs/unity_robotics_demo_msgs/srv/position_service.h
-- Installing: /home/webdrag0n/morpheus/workspace_colcon/install/unity_robotics_demo_msgs/include/unity_robotics_demo_msgs/unity_robotics_demo_msgs/srv/object_pose_service.h
-- Installing: /home/webdrag0n/morpheus/workspace_colcon/install/unity_robotics_demo_msgs/include/unity_robotics_demo_msgs/unity_robotics_demo_msgs/srv/detail
-- Installing: /home/webdrag0n/morpheus/workspace_colcon/install/unity_robotics_demo_msgs/include/unity_robotics_demo_msgs/unity_robotics_demo_msgs/srv/detail/object_pose_service__struct.h
-- Installing: /home/webdrag0n/morpheus/workspace_colcon/install/unity_robotics_demo_msgs/include/unity_robotics_demo_msgs/unity_robotics_demo_msgs/srv/detail/object_pose_service__type_support.h
-- Installing: /home/webdrag0n/morpheus/workspace_colcon/install/unity_robotics_demo_msgs/include/unity_robotics_demo_msgs/unity_robotics_demo_msgs/srv/detail/position_service__functions.c
-- Installing: /home/webdrag0n/morpheus/workspace_colcon/install/unity_robotics_demo_msgs/include/unity_robotics_demo_msgs/unity_robotics_demo_msgs/srv/detail/position_service__functions.h
-- Installing: /home/webdrag0n/morpheus/workspace_colcon/install/unity_robotics_demo_msgs/include/unity_robotics_demo_msgs/unity_robotics_demo_msgs/srv/detail/position_service__struct.h
-- Installing: /home/webdrag0n/morpheus/workspace_colcon/install/unity_robotics_demo_msgs/include/unity_robotics_demo_msgs/unity_robotics_demo_msgs/srv/detail/object_pose_service__functions.h
-- Installing: /home/webdrag0n/morpheus/workspace_colcon/install/unity_robotics_demo_msgs/include/unity_robotics_demo_msgs/unity_robotics_demo_msgs/srv/detail/position_service__type_support.h
-- Installing: /home/webdrag0n/morpheus/workspace_colcon/install/unity_robotics_demo_msgs/include/unity_robotics_demo_msgs/unity_robotics_demo_msgs/srv/detail/object_pose_service__functions.c
-- Installing: /home/webdrag0n/morpheus/workspace_colcon/install/unity_robotics_demo_msgs/include/unity_robotics_demo_msgs/unity_robotics_demo_msgs/msg
-- Installing: /home/webdrag0n/morpheus/workspace_colcon/install/unity_robotics_demo_msgs/include/unity_robotics_demo_msgs/unity_robotics_demo_msgs/msg/pos_rot.h
-- Installing: /home/webdrag0n/morpheus/workspace_colcon/install/unity_robotics_demo_msgs/include/unity_robotics_demo_msgs/unity_robotics_demo_msgs/msg/rosidl_generator_c__visibility_control.h
-- Installing: /home/webdrag0n/morpheus/workspace_colcon/install/unity_robotics_demo_msgs/include/unity_robotics_demo_msgs/unity_robotics_demo_msgs/msg/detail
-- Installing: /home/webdrag0n/morpheus/workspace_colcon/install/unity_robotics_demo_msgs/include/unity_robotics_demo_msgs/unity_robotics_demo_msgs/msg/detail/pos_rot__type_support.h
-- Installing: /home/webdrag0n/morpheus/workspace_colcon/install/unity_robotics_demo_msgs/include/unity_robotics_demo_msgs/unity_robotics_demo_msgs/msg/detail/unity_color__type_support.h
-- Installing: /home/webdrag0n/morpheus/workspace_colcon/install/unity_robotics_demo_msgs/include/unity_robotics_demo_msgs/unity_robotics_demo_msgs/msg/detail/pos_rot__struct.h
-- Installing: /home/webdrag0n/morpheus/workspace_colcon/install/unity_robotics_demo_msgs/include/unity_robotics_demo_msgs/unity_robotics_demo_msgs/msg/detail/unity_color__functions.c
-- Installing: /home/webdrag0n/morpheus/workspace_colcon/install/unity_robotics_demo_msgs/include/unity_robotics_demo_msgs/unity_robotics_demo_msgs/msg/detail/unity_color__struct.h
-- Installing: /home/webdrag0n/morpheus/workspace_colcon/install/unity_robotics_demo_msgs/include/unity_robotics_demo_msgs/unity_robotics_demo_msgs/msg/detail/pos_rot__functions.h
-- Installing: /home/webdrag0n/morpheus/workspace_colcon/install/unity_robotics_demo_msgs/include/unity_robotics_demo_msgs/unity_robotics_demo_msgs/msg/detail/pos_rot__functions.c
-- Installing: /home/webdrag0n/morpheus/workspace_colcon/install/unity_robotics_demo_msgs/include/unity_robotics_demo_msgs/unity_robotics_demo_msgs/msg/detail/unity_color__functions.h
-- Installing: /home/webdrag0n/morpheus/workspace_colcon/install/unity_robotics_demo_msgs/include/unity_robotics_demo_msgs/unity_robotics_demo_msgs/msg/unity_color.h
-- Installing: /home/webdrag0n/morpheus/workspace_colcon/install/unity_robotics_demo_msgs/share/unity_robotics_demo_msgs/environment/library_path.sh
-- Installing: /home/webdrag0n/morpheus/workspace_colcon/install/unity_robotics_demo_msgs/share/unity_robotics_demo_msgs/environment/library_path.dsv
-- Installing: /home/webdrag0n/morpheus/workspace_colcon/install/unity_robotics_demo_msgs/lib/libunity_robotics_demo_msgs__rosidl_generator_c.so
-- Set runtime path of "/home/webdrag0n/morpheus/workspace_colcon/install/unity_robotics_demo_msgs/lib/libunity_robotics_demo_msgs__rosidl_generator_c.so" to ""
-- Up-to-date: /home/webdrag0n/morpheus/workspace_colcon/install/unity_robotics_demo_msgs/include/unity_robotics_demo_msgs/unity_robotics_demo_msgs
-- Up-to-date: /home/webdrag0n/morpheus/workspace_colcon/install/unity_robotics_demo_msgs/include/unity_robotics_demo_msgs/unity_robotics_demo_msgs/srv
-- Up-to-date: /home/webdrag0n/morpheus/workspace_colcon/install/unity_robotics_demo_msgs/include/unity_robotics_demo_msgs/unity_robotics_demo_msgs/srv/detail
-- Installing: /home/webdrag0n/morpheus/workspace_colcon/install/unity_robotics_demo_msgs/include/unity_robotics_demo_msgs/unity_robotics_demo_msgs/srv/detail/object_pose_service__rosidl_typesupport_fastrtps_c.h
-- Installing: /home/webdrag0n/morpheus/workspace_colcon/install/unity_robotics_demo_msgs/include/unity_robotics_demo_msgs/unity_robotics_demo_msgs/srv/detail/position_service__rosidl_typesupport_fastrtps_c.h
-- Up-to-date: /home/webdrag0n/morpheus/workspace_colcon/install/unity_robotics_demo_msgs/include/unity_robotics_demo_msgs/unity_robotics_demo_msgs/msg
-- Installing: /home/webdrag0n/morpheus/workspace_colcon/install/unity_robotics_demo_msgs/include/unity_robotics_demo_msgs/unity_robotics_demo_msgs/msg/rosidl_typesupport_fastrtps_c__visibility_control.h
-- Up-to-date: /home/webdrag0n/morpheus/workspace_colcon/install/unity_robotics_demo_msgs/include/unity_robotics_demo_msgs/unity_robotics_demo_msgs/msg/detail
-- Installing: /home/webdrag0n/morpheus/workspace_colcon/install/unity_robotics_demo_msgs/include/unity_robotics_demo_msgs/unity_robotics_demo_msgs/msg/detail/unity_color__rosidl_typesupport_fastrtps_c.h
-- Installing: /home/webdrag0n/morpheus/workspace_colcon/install/unity_robotics_demo_msgs/include/unity_robotics_demo_msgs/unity_robotics_demo_msgs/msg/detail/pos_rot__rosidl_typesupport_fastrtps_c.h
-- Installing: /home/webdrag0n/morpheus/workspace_colcon/install/unity_robotics_demo_msgs/lib/libunity_robotics_demo_msgs__rosidl_typesupport_fastrtps_c.so
-- Set runtime path of "/home/webdrag0n/morpheus/workspace_colcon/install/unity_robotics_demo_msgs/lib/libunity_robotics_demo_msgs__rosidl_typesupport_fastrtps_c.so" to ""
-- Up-to-date: /home/webdrag0n/morpheus/workspace_colcon/install/unity_robotics_demo_msgs/include/unity_robotics_demo_msgs/unity_robotics_demo_msgs
-- Up-to-date: /home/webdrag0n/morpheus/workspace_colcon/install/unity_robotics_demo_msgs/include/unity_robotics_demo_msgs/unity_robotics_demo_msgs/srv
-- Up-to-date: /home/webdrag0n/morpheus/workspace_colcon/install/unity_robotics_demo_msgs/include/unity_robotics_demo_msgs/unity_robotics_demo_msgs/srv/detail
-- Installing: /home/webdrag0n/morpheus/workspace_colcon/install/unity_robotics_demo_msgs/include/unity_robotics_demo_msgs/unity_robotics_demo_msgs/srv/detail/position_service__type_support.c
-- Installing: /home/webdrag0n/morpheus/workspace_colcon/install/unity_robotics_demo_msgs/include/unity_robotics_demo_msgs/unity_robotics_demo_msgs/srv/detail/position_service__rosidl_typesupport_introspection_c.h
-- Installing: /home/webdrag0n/morpheus/workspace_colcon/install/unity_robotics_demo_msgs/include/unity_robotics_demo_msgs/unity_robotics_demo_msgs/srv/detail/object_pose_service__rosidl_typesupport_introspection_c.h
-- Installing: /home/webdrag0n/morpheus/workspace_colcon/install/unity_robotics_demo_msgs/include/unity_robotics_demo_msgs/unity_robotics_demo_msgs/srv/detail/object_pose_service__type_support.c
-- Up-to-date: /home/webdrag0n/morpheus/workspace_colcon/install/unity_robotics_demo_msgs/include/unity_robotics_demo_msgs/unity_robotics_demo_msgs/msg
-- Installing: /home/webdrag0n/morpheus/workspace_colcon/install/unity_robotics_demo_msgs/include/unity_robotics_demo_msgs/unity_robotics_demo_msgs/msg/rosidl_typesupport_introspection_c__visibility_control.h
-- Up-to-date: /home/webdrag0n/morpheus/workspace_colcon/install/unity_robotics_demo_msgs/include/unity_robotics_demo_msgs/unity_robotics_demo_msgs/msg/detail
-- Installing: /home/webdrag0n/morpheus/workspace_colcon/install/unity_robotics_demo_msgs/include/unity_robotics_demo_msgs/unity_robotics_demo_msgs/msg/detail/pos_rot__rosidl_typesupport_introspection_c.h
-- Installing: /home/webdrag0n/morpheus/workspace_colcon/install/unity_robotics_demo_msgs/include/unity_robotics_demo_msgs/unity_robotics_demo_msgs/msg/detail/unity_color__rosidl_typesupport_introspection_c.h
-- Installing: /home/webdrag0n/morpheus/workspace_colcon/install/unity_robotics_demo_msgs/include/unity_robotics_demo_msgs/unity_robotics_demo_msgs/msg/detail/pos_rot__type_support.c
-- Installing: /home/webdrag0n/morpheus/workspace_colcon/install/unity_robotics_demo_msgs/include/unity_robotics_demo_msgs/unity_robotics_demo_msgs/msg/detail/unity_color__type_support.c
-- Installing: /home/webdrag0n/morpheus/workspace_colcon/install/unity_robotics_demo_msgs/lib/libunity_robotics_demo_msgs__rosidl_typesupport_introspection_c.so
-- Set runtime path of "/home/webdrag0n/morpheus/workspace_colcon/install/unity_robotics_demo_msgs/lib/libunity_robotics_demo_msgs__rosidl_typesupport_introspection_c.so" to ""
-- Installing: /home/webdrag0n/morpheus/workspace_colcon/install/unity_robotics_demo_msgs/lib/libunity_robotics_demo_msgs__rosidl_typesupport_c.so
-- Set runtime path of "/home/webdrag0n/morpheus/workspace_colcon/install/unity_robotics_demo_msgs/lib/libunity_robotics_demo_msgs__rosidl_typesupport_c.so" to ""
-- Up-to-date: /home/webdrag0n/morpheus/workspace_colcon/install/unity_robotics_demo_msgs/include/unity_robotics_demo_msgs/unity_robotics_demo_msgs
-- Up-to-date: /home/webdrag0n/morpheus/workspace_colcon/install/unity_robotics_demo_msgs/include/unity_robotics_demo_msgs/unity_robotics_demo_msgs/srv
-- Installing: /home/webdrag0n/morpheus/workspace_colcon/install/unity_robotics_demo_msgs/include/unity_robotics_demo_msgs/unity_robotics_demo_msgs/srv/position_service.hpp
-- Up-to-date: /home/webdrag0n/morpheus/workspace_colcon/install/unity_robotics_demo_msgs/include/unity_robotics_demo_msgs/unity_robotics_demo_msgs/srv/detail
-- Installing: /home/webdrag0n/morpheus/workspace_colcon/install/unity_robotics_demo_msgs/include/unity_robotics_demo_msgs/unity_robotics_demo_msgs/srv/detail/position_service__builder.hpp
-- Installing: /home/webdrag0n/morpheus/workspace_colcon/install/unity_robotics_demo_msgs/include/unity_robotics_demo_msgs/unity_robotics_demo_msgs/srv/detail/object_pose_service__struct.hpp
-- Installing: /home/webdrag0n/morpheus/workspace_colcon/install/unity_robotics_demo_msgs/include/unity_robotics_demo_msgs/unity_robotics_demo_msgs/srv/detail/position_service__struct.hpp
-- Installing: /home/webdrag0n/morpheus/workspace_colcon/install/unity_robotics_demo_msgs/include/unity_robotics_demo_msgs/unity_robotics_demo_msgs/srv/detail/position_service__traits.hpp
-- Installing: /home/webdrag0n/morpheus/workspace_colcon/install/unity_robotics_demo_msgs/include/unity_robotics_demo_msgs/unity_robotics_demo_msgs/srv/detail/object_pose_service__builder.hpp
-- Installing: /home/webdrag0n/morpheus/workspace_colcon/install/unity_robotics_demo_msgs/include/unity_robotics_demo_msgs/unity_robotics_demo_msgs/srv/detail/object_pose_service__traits.hpp
-- Installing: /home/webdrag0n/morpheus/workspace_colcon/install/unity_robotics_demo_msgs/include/unity_robotics_demo_msgs/unity_robotics_demo_msgs/srv/object_pose_service.hpp
-- Up-to-date: /home/webdrag0n/morpheus/workspace_colcon/install/unity_robotics_demo_msgs/include/unity_robotics_demo_msgs/unity_robotics_demo_msgs/msg
-- Installing: /home/webdrag0n/morpheus/workspace_colcon/install/unity_robotics_demo_msgs/include/unity_robotics_demo_msgs/unity_robotics_demo_msgs/msg/pos_rot.hpp
-- Up-to-date: /home/webdrag0n/morpheus/workspace_colcon/install/unity_robotics_demo_msgs/include/unity_robotics_demo_msgs/unity_robotics_demo_msgs/msg/detail
-- Installing: /home/webdrag0n/morpheus/workspace_colcon/install/unity_robotics_demo_msgs/include/unity_robotics_demo_msgs/unity_robotics_demo_msgs/msg/detail/pos_rot__struct.hpp
-- Installing: /home/webdrag0n/morpheus/workspace_colcon/install/unity_robotics_demo_msgs/include/unity_robotics_demo_msgs/unity_robotics_demo_msgs/msg/detail/unity_color__traits.hpp
-- Installing: /home/webdrag0n/morpheus/workspace_colcon/install/unity_robotics_demo_msgs/include/unity_robotics_demo_msgs/unity_robotics_demo_msgs/msg/detail/pos_rot__traits.hpp
-- Installing: /home/webdrag0n/morpheus/workspace_colcon/install/unity_robotics_demo_msgs/include/unity_robotics_demo_msgs/unity_robotics_demo_msgs/msg/detail/unity_color__builder.hpp
-- Installing: /home/webdrag0n/morpheus/workspace_colcon/install/unity_robotics_demo_msgs/include/unity_robotics_demo_msgs/unity_robotics_demo_msgs/msg/detail/unity_color__struct.hpp
-- Installing: /home/webdrag0n/morpheus/workspace_colcon/install/unity_robotics_demo_msgs/include/unity_robotics_demo_msgs/unity_robotics_demo_msgs/msg/detail/pos_rot__builder.hpp
-- Installing: /home/webdrag0n/morpheus/workspace_colcon/install/unity_robotics_demo_msgs/include/unity_robotics_demo_msgs/unity_robotics_demo_msgs/msg/unity_color.hpp
-- Up-to-date: /home/webdrag0n/morpheus/workspace_colcon/install/unity_robotics_demo_msgs/include/unity_robotics_demo_msgs/unity_robotics_demo_msgs
-- Up-to-date: /home/webdrag0n/morpheus/workspace_colcon/install/unity_robotics_demo_msgs/include/unity_robotics_demo_msgs/unity_robotics_demo_msgs/srv
-- Up-to-date: /home/webdrag0n/morpheus/workspace_colcon/install/unity_robotics_demo_msgs/include/unity_robotics_demo_msgs/unity_robotics_demo_msgs/srv/detail
-- Installing: /home/webdrag0n/morpheus/workspace_colcon/install/unity_robotics_demo_msgs/include/unity_robotics_demo_msgs/unity_robotics_demo_msgs/srv/detail/position_service__rosidl_typesupport_fastrtps_cpp.hpp
-- Installing: /home/webdrag0n/morpheus/workspace_colcon/install/unity_robotics_demo_msgs/include/unity_robotics_demo_msgs/unity_robotics_demo_msgs/srv/detail/object_pose_service__rosidl_typesupport_fastrtps_cpp.hpp
-- Installing: /home/webdrag0n/morpheus/workspace_colcon/install/unity_robotics_demo_msgs/include/unity_robotics_demo_msgs/unity_robotics_demo_msgs/srv/detail/dds_fastrtps
-- Up-to-date: /home/webdrag0n/morpheus/workspace_colcon/install/unity_robotics_demo_msgs/include/unity_robotics_demo_msgs/unity_robotics_demo_msgs/msg
-- Installing: /home/webdrag0n/morpheus/workspace_colcon/install/unity_robotics_demo_msgs/include/unity_robotics_demo_msgs/unity_robotics_demo_msgs/msg/rosidl_typesupport_fastrtps_cpp__visibility_control.h
-- Up-to-date: /home/webdrag0n/morpheus/workspace_colcon/install/unity_robotics_demo_msgs/include/unity_robotics_demo_msgs/unity_robotics_demo_msgs/msg/detail
-- Installing: /home/webdrag0n/morpheus/workspace_colcon/install/unity_robotics_demo_msgs/include/unity_robotics_demo_msgs/unity_robotics_demo_msgs/msg/detail/pos_rot__rosidl_typesupport_fastrtps_cpp.hpp
-- Installing: /home/webdrag0n/morpheus/workspace_colcon/install/unity_robotics_demo_msgs/include/unity_robotics_demo_msgs/unity_robotics_demo_msgs/msg/detail/dds_fastrtps
-- Installing: /home/webdrag0n/morpheus/workspace_colcon/install/unity_robotics_demo_msgs/include/unity_robotics_demo_msgs/unity_robotics_demo_msgs/msg/detail/unity_color__rosidl_typesupport_fastrtps_cpp.hpp
-- Installing: /home/webdrag0n/morpheus/workspace_colcon/install/unity_robotics_demo_msgs/lib/libunity_robotics_demo_msgs__rosidl_typesupport_fastrtps_cpp.so
-- Set runtime path of "/home/webdrag0n/morpheus/workspace_colcon/install/unity_robotics_demo_msgs/lib/libunity_robotics_demo_msgs__rosidl_typesupport_fastrtps_cpp.so" to ""
-- Up-to-date: /home/webdrag0n/morpheus/workspace_colcon/install/unity_robotics_demo_msgs/include/unity_robotics_demo_msgs/unity_robotics_demo_msgs
-- Up-to-date: /home/webdrag0n/morpheus/workspace_colcon/install/unity_robotics_demo_msgs/include/unity_robotics_demo_msgs/unity_robotics_demo_msgs/srv
-- Up-to-date: /home/webdrag0n/morpheus/workspace_colcon/install/unity_robotics_demo_msgs/include/unity_robotics_demo_msgs/unity_robotics_demo_msgs/srv/detail
-- Installing: /home/webdrag0n/morpheus/workspace_colcon/install/unity_robotics_demo_msgs/include/unity_robotics_demo_msgs/unity_robotics_demo_msgs/srv/detail/object_pose_service__type_support.cpp
-- Installing: /home/webdrag0n/morpheus/workspace_colcon/install/unity_robotics_demo_msgs/include/unity_robotics_demo_msgs/unity_robotics_demo_msgs/srv/detail/position_service__type_support.cpp
-- Installing: /home/webdrag0n/morpheus/workspace_colcon/install/unity_robotics_demo_msgs/include/unity_robotics_demo_msgs/unity_robotics_demo_msgs/srv/detail/object_pose_service__rosidl_typesupport_introspection_cpp.hpp
-- Installing: /home/webdrag0n/morpheus/workspace_colcon/install/unity_robotics_demo_msgs/include/unity_robotics_demo_msgs/unity_robotics_demo_msgs/srv/detail/position_service__rosidl_typesupport_introspection_cpp.hpp
-- Up-to-date: /home/webdrag0n/morpheus/workspace_colcon/install/unity_robotics_demo_msgs/include/unity_robotics_demo_msgs/unity_robotics_demo_msgs/msg
-- Up-to-date: /home/webdrag0n/morpheus/workspace_colcon/install/unity_robotics_demo_msgs/include/unity_robotics_demo_msgs/unity_robotics_demo_msgs/msg/detail
-- Installing: /home/webdrag0n/morpheus/workspace_colcon/install/unity_robotics_demo_msgs/include/unity_robotics_demo_msgs/unity_robotics_demo_msgs/msg/detail/pos_rot__type_support.cpp
-- Installing: /home/webdrag0n/morpheus/workspace_colcon/install/unity_robotics_demo_msgs/include/unity_robotics_demo_msgs/unity_robotics_demo_msgs/msg/detail/unity_color__type_support.cpp
-- Installing: /home/webdrag0n/morpheus/workspace_colcon/install/unity_robotics_demo_msgs/include/unity_robotics_demo_msgs/unity_robotics_demo_msgs/msg/detail/pos_rot__rosidl_typesupport_introspection_cpp.hpp
-- Installing: /home/webdrag0n/morpheus/workspace_colcon/install/unity_robotics_demo_msgs/include/unity_robotics_demo_msgs/unity_robotics_demo_msgs/msg/detail/unity_color__rosidl_typesupport_introspection_cpp.hpp
-- Installing: /home/webdrag0n/morpheus/workspace_colcon/install/unity_robotics_demo_msgs/lib/libunity_robotics_demo_msgs__rosidl_typesupport_introspection_cpp.so
-- Set runtime path of "/home/webdrag0n/morpheus/workspace_colcon/install/unity_robotics_demo_msgs/lib/libunity_robotics_demo_msgs__rosidl_typesupport_introspection_cpp.so" to ""
-- Installing: /home/webdrag0n/morpheus/workspace_colcon/install/unity_robotics_demo_msgs/lib/libunity_robotics_demo_msgs__rosidl_typesupport_cpp.so
-- Set runtime path of "/home/webdrag0n/morpheus/workspace_colcon/install/unity_robotics_demo_msgs/lib/libunity_robotics_demo_msgs__rosidl_typesupport_cpp.so" to ""
-- Installing: /home/webdrag0n/morpheus/workspace_colcon/install/unity_robotics_demo_msgs/share/unity_robotics_demo_msgs/environment/pythonpath.sh
-- Installing: /home/webdrag0n/morpheus/workspace_colcon/install/unity_robotics_demo_msgs/share/unity_robotics_demo_msgs/environment/pythonpath.dsv
-- Installing: /home/webdrag0n/morpheus/workspace_colcon/install/unity_robotics_demo_msgs/local/lib/python3.10/dist-packages/unity_robotics_demo_msgs-0.0.1-py3.10.egg-info
-- Installing: /home/webdrag0n/morpheus/workspace_colcon/install/unity_robotics_demo_msgs/local/lib/python3.10/dist-packages/unity_robotics_demo_msgs-0.0.1-py3.10.egg-info/top_level.txt
-- Installing: /home/webdrag0n/morpheus/workspace_colcon/install/unity_robotics_demo_msgs/local/lib/python3.10/dist-packages/unity_robotics_demo_msgs-0.0.1-py3.10.egg-info/dependency_links.txt
-- Installing: /home/webdrag0n/morpheus/workspace_colcon/install/unity_robotics_demo_msgs/local/lib/python3.10/dist-packages/unity_robotics_demo_msgs-0.0.1-py3.10.egg-info/SOURCES.txt
-- Installing: /home/webdrag0n/morpheus/workspace_colcon/install/unity_robotics_demo_msgs/local/lib/python3.10/dist-packages/unity_robotics_demo_msgs-0.0.1-py3.10.egg-info/PKG-INFO
-- Installing: /home/webdrag0n/morpheus/workspace_colcon/install/unity_robotics_demo_msgs/local/lib/python3.10/dist-packages/unity_robotics_demo_msgs
-- Installing: /home/webdrag0n/morpheus/workspace_colcon/install/unity_robotics_demo_msgs/local/lib/python3.10/dist-packages/unity_robotics_demo_msgs/libunity_robotics_demo_msgs__rosidl_generator_py.so
-- Installing: /home/webdrag0n/morpheus/workspace_colcon/install/unity_robotics_demo_msgs/local/lib/python3.10/dist-packages/unity_robotics_demo_msgs/_unity_robotics_demo_msgs_s.ep.rosidl_typesupport_fastrtps_c.c
-- Installing: /home/webdrag0n/morpheus/workspace_colcon/install/unity_robotics_demo_msgs/local/lib/python3.10/dist-packages/unity_robotics_demo_msgs/srv
-- Installing: /home/webdrag0n/morpheus/workspace_colcon/install/unity_robotics_demo_msgs/local/lib/python3.10/dist-packages/unity_robotics_demo_msgs/srv/_position_service.py
-- Installing: /home/webdrag0n/morpheus/workspace_colcon/install/unity_robotics_demo_msgs/local/lib/python3.10/dist-packages/unity_robotics_demo_msgs/srv/_object_pose_service_s.c
-- Installing: /home/webdrag0n/morpheus/workspace_colcon/install/unity_robotics_demo_msgs/local/lib/python3.10/dist-packages/unity_robotics_demo_msgs/srv/_position_service_s.c
-- Installing: /home/webdrag0n/morpheus/workspace_colcon/install/unity_robotics_demo_msgs/local/lib/python3.10/dist-packages/unity_robotics_demo_msgs/srv/__init__.py
-- Installing: /home/webdrag0n/morpheus/workspace_colcon/install/unity_robotics_demo_msgs/local/lib/python3.10/dist-packages/unity_robotics_demo_msgs/srv/_object_pose_service.py
-- Installing: /home/webdrag0n/morpheus/workspace_colcon/install/unity_robotics_demo_msgs/local/lib/python3.10/dist-packages/unity_robotics_demo_msgs/_unity_robotics_demo_msgs_s.ep.rosidl_typesupport_c.c
-- Installing: /home/webdrag0n/morpheus/workspace_colcon/install/unity_robotics_demo_msgs/local/lib/python3.10/dist-packages/unity_robotics_demo_msgs/unity_robotics_demo_msgs_s__rosidl_typesupport_c.cpython-310-x86_64-linux-gnu.so
-- Installing: /home/webdrag0n/morpheus/workspace_colcon/install/unity_robotics_demo_msgs/local/lib/python3.10/dist-packages/unity_robotics_demo_msgs/msg
-- Installing: /home/webdrag0n/morpheus/workspace_colcon/install/unity_robotics_demo_msgs/local/lib/python3.10/dist-packages/unity_robotics_demo_msgs/msg/_unity_color.py
-- Installing: /home/webdrag0n/morpheus/workspace_colcon/install/unity_robotics_demo_msgs/local/lib/python3.10/dist-packages/unity_robotics_demo_msgs/msg/_pos_rot.py
-- Installing: /home/webdrag0n/morpheus/workspace_colcon/install/unity_robotics_demo_msgs/local/lib/python3.10/dist-packages/unity_robotics_demo_msgs/msg/_unity_color_s.c
-- Installing: /home/webdrag0n/morpheus/workspace_colcon/install/unity_robotics_demo_msgs/local/lib/python3.10/dist-packages/unity_robotics_demo_msgs/msg/_pos_rot_s.c
-- Installing: /home/webdrag0n/morpheus/workspace_colcon/install/unity_robotics_demo_msgs/local/lib/python3.10/dist-packages/unity_robotics_demo_msgs/msg/__init__.py
-- Installing: /home/webdrag0n/morpheus/workspace_colcon/install/unity_robotics_demo_msgs/local/lib/python3.10/dist-packages/unity_robotics_demo_msgs/unity_robotics_demo_msgs_s__rosidl_typesupport_fastrtps_c.cpython-310-x86_64-linux-gnu.so
-- Installing: /home/webdrag0n/morpheus/workspace_colcon/install/unity_robotics_demo_msgs/local/lib/python3.10/dist-packages/unity_robotics_demo_msgs/_unity_robotics_demo_msgs_s.ep.rosidl_typesupport_introspection_c.c
-- Installing: /home/webdrag0n/morpheus/workspace_colcon/install/unity_robotics_demo_msgs/local/lib/python3.10/dist-packages/unity_robotics_demo_msgs/unity_robotics_demo_msgs_s__rosidl_typesupport_introspection_c.cpython-310-x86_64-linux-gnu.so
-- Installing: /home/webdrag0n/morpheus/workspace_colcon/install/unity_robotics_demo_msgs/local/lib/python3.10/dist-packages/unity_robotics_demo_msgs/__init__.py
Listing '/home/webdrag0n/morpheus/workspace_colcon/install/unity_robotics_demo_msgs/local/lib/python3.10/dist-packages/unity_robotics_demo_msgs'...
Compiling '/home/webdrag0n/morpheus/workspace_colcon/install/unity_robotics_demo_msgs/local/lib/python3.10/dist-packages/unity_robotics_demo_msgs/__init__.py'...
Listing '/home/webdrag0n/morpheus/workspace_colcon/install/unity_robotics_demo_msgs/local/lib/python3.10/dist-packages/unity_robotics_demo_msgs/msg'...
Compiling '/home/webdrag0n/morpheus/workspace_colcon/install/unity_robotics_demo_msgs/local/lib/python3.10/dist-packages/unity_robotics_demo_msgs/msg/__init__.py'...
Compiling '/home/webdrag0n/morpheus/workspace_colcon/install/unity_robotics_demo_msgs/local/lib/python3.10/dist-packages/unity_robotics_demo_msgs/msg/_pos_rot.py'...
Compiling '/home/webdrag0n/morpheus/workspace_colcon/install/unity_robotics_demo_msgs/local/lib/python3.10/dist-packages/unity_robotics_demo_msgs/msg/_unity_color.py'...
Listing '/home/webdrag0n/morpheus/workspace_colcon/install/unity_robotics_demo_msgs/local/lib/python3.10/dist-packages/unity_robotics_demo_msgs/srv'...
Compiling '/home/webdrag0n/morpheus/workspace_colcon/install/unity_robotics_demo_msgs/local/lib/python3.10/dist-packages/unity_robotics_demo_msgs/srv/__init__.py'...
Compiling '/home/webdrag0n/morpheus/workspace_colcon/install/unity_robotics_demo_msgs/local/lib/python3.10/dist-packages/unity_robotics_demo_msgs/srv/_object_pose_service.py'...
Compiling '/home/webdrag0n/morpheus/workspace_colcon/install/unity_robotics_demo_msgs/local/lib/python3.10/dist-packages/unity_robotics_demo_msgs/srv/_position_service.py'...
-- Installing: /home/webdrag0n/morpheus/workspace_colcon/install/unity_robotics_demo_msgs/local/lib/python3.10/dist-packages/unity_robotics_demo_msgs/unity_robotics_demo_msgs_s__rosidl_typesupport_fastrtps_c.cpython-310-x86_64-linux-gnu.so
-- Set runtime path of "/home/webdrag0n/morpheus/workspace_colcon/install/unity_robotics_demo_msgs/local/lib/python3.10/dist-packages/unity_robotics_demo_msgs/unity_robotics_demo_msgs_s__rosidl_typesupport_fastrtps_c.cpython-310-x86_64-linux-gnu.so" to ""
-- Installing: /home/webdrag0n/morpheus/workspace_colcon/install/unity_robotics_demo_msgs/local/lib/python3.10/dist-packages/unity_robotics_demo_msgs/unity_robotics_demo_msgs_s__rosidl_typesupport_introspection_c.cpython-310-x86_64-linux-gnu.so
-- Set runtime path of "/home/webdrag0n/morpheus/workspace_colcon/install/unity_robotics_demo_msgs/local/lib/python3.10/dist-packages/unity_robotics_demo_msgs/unity_robotics_demo_msgs_s__rosidl_typesupport_introspection_c.cpython-310-x86_64-linux-gnu.so" to ""
-- Installing: /home/webdrag0n/morpheus/workspace_colcon/install/unity_robotics_demo_msgs/local/lib/python3.10/dist-packages/unity_robotics_demo_msgs/unity_robotics_demo_msgs_s__rosidl_typesupport_c.cpython-310-x86_64-linux-gnu.so
-- Set runtime path of "/home/webdrag0n/morpheus/workspace_colcon/install/unity_robotics_demo_msgs/local/lib/python3.10/dist-packages/unity_robotics_demo_msgs/unity_robotics_demo_msgs_s__rosidl_typesupport_c.cpython-310-x86_64-linux-gnu.so" to ""
-- Installing: /home/webdrag0n/morpheus/workspace_colcon/install/unity_robotics_demo_msgs/lib/libunity_robotics_demo_msgs__rosidl_generator_py.so
-- Set runtime path of "/home/webdrag0n/morpheus/workspace_colcon/install/unity_robotics_demo_msgs/lib/libunity_robotics_demo_msgs__rosidl_generator_py.so" to ""
-- Installing: /home/webdrag0n/morpheus/workspace_colcon/install/unity_robotics_demo_msgs/share/unity_robotics_demo_msgs/msg/PosRot.idl
-- Installing: /home/webdrag0n/morpheus/workspace_colcon/install/unity_robotics_demo_msgs/share/unity_robotics_demo_msgs/msg/UnityColor.idl
-- Installing: /home/webdrag0n/morpheus/workspace_colcon/install/unity_robotics_demo_msgs/share/unity_robotics_demo_msgs/srv/PositionService.idl
-- Installing: /home/webdrag0n/morpheus/workspace_colcon/install/unity_robotics_demo_msgs/share/unity_robotics_demo_msgs/srv/ObjectPoseService.idl
-- Installing: /home/webdrag0n/morpheus/workspace_colcon/install/unity_robotics_demo_msgs/share/unity_robotics_demo_msgs/msg/PosRot.msg
-- Installing: /home/webdrag0n/morpheus/workspace_colcon/install/unity_robotics_demo_msgs/share/unity_robotics_demo_msgs/msg/UnityColor.msg
-- Installing: /home/webdrag0n/morpheus/workspace_colcon/install/unity_robotics_demo_msgs/share/unity_robotics_demo_msgs/srv/PositionService.srv
-- Installing: /home/webdrag0n/morpheus/workspace_colcon/install/unity_robotics_demo_msgs/share/unity_robotics_demo_msgs/srv/PositionService_Request.msg
-- Installing: /home/webdrag0n/morpheus/workspace_colcon/install/unity_robotics_demo_msgs/share/unity_robotics_demo_msgs/srv/PositionService_Response.msg
-- Installing: /home/webdrag0n/morpheus/workspace_colcon/install/unity_robotics_demo_msgs/share/unity_robotics_demo_msgs/srv/ObjectPoseService.srv
-- Installing: /home/webdrag0n/morpheus/workspace_colcon/install/unity_robotics_demo_msgs/share/unity_robotics_demo_msgs/srv/ObjectPoseService_Request.msg
-- Installing: /home/webdrag0n/morpheus/workspace_colcon/install/unity_robotics_demo_msgs/share/unity_robotics_demo_msgs/srv/ObjectPoseService_Response.msg
-- Installing: /home/webdrag0n/morpheus/workspace_colcon/install/unity_robotics_demo_msgs/share/ament_index/resource_index/package_run_dependencies/unity_robotics_demo_msgs
-- Installing: /home/webdrag0n/morpheus/workspace_colcon/install/unity_robotics_demo_msgs/share/ament_index/resource_index/parent_prefix_path/unity_robotics_demo_msgs
-- Installing: /home/webdrag0n/morpheus/workspace_colcon/install/unity_robotics_demo_msgs/share/unity_robotics_demo_msgs/environment/ament_prefix_path.sh
-- Installing: /home/webdrag0n/morpheus/workspace_colcon/install/unity_robotics_demo_msgs/share/unity_robotics_demo_msgs/environment/ament_prefix_path.dsv
-- Installing: /home/webdrag0n/morpheus/workspace_colcon/install/unity_robotics_demo_msgs/share/unity_robotics_demo_msgs/environment/path.sh
-- Installing: /home/webdrag0n/morpheus/workspace_colcon/install/unity_robotics_demo_msgs/share/unity_robotics_demo_msgs/environment/path.dsv
-- Installing: /home/webdrag0n/morpheus/workspace_colcon/install/unity_robotics_demo_msgs/share/unity_robotics_demo_msgs/local_setup.bash
-- Installing: /home/webdrag0n/morpheus/workspace_colcon/install/unity_robotics_demo_msgs/share/unity_robotics_demo_msgs/local_setup.sh
-- Installing: /home/webdrag0n/morpheus/workspace_colcon/install/unity_robotics_demo_msgs/share/unity_robotics_demo_msgs/local_setup.zsh
-- Installing: /home/webdrag0n/morpheus/workspace_colcon/install/unity_robotics_demo_msgs/share/unity_robotics_demo_msgs/local_setup.dsv
-- Installing: /home/webdrag0n/morpheus/workspace_colcon/install/unity_robotics_demo_msgs/share/unity_robotics_demo_msgs/package.dsv
-- Installing: /home/webdrag0n/morpheus/workspace_colcon/install/unity_robotics_demo_msgs/share/ament_index/resource_index/packages/unity_robotics_demo_msgs
-- Installing: /home/webdrag0n/morpheus/workspace_colcon/install/unity_robotics_demo_msgs/share/unity_robotics_demo_msgs/cmake/export_unity_robotics_demo_msgs__rosidl_generator_cExport.cmake
-- Installing: /home/webdrag0n/morpheus/workspace_colcon/install/unity_robotics_demo_msgs/share/unity_robotics_demo_msgs/cmake/export_unity_robotics_demo_msgs__rosidl_generator_cExport-noconfig.cmake
-- Installing: /home/webdrag0n/morpheus/workspace_colcon/install/unity_robotics_demo_msgs/share/unity_robotics_demo_msgs/cmake/export_unity_robotics_demo_msgs__rosidl_typesupport_fastrtps_cExport.cmake
-- Installing: /home/webdrag0n/morpheus/workspace_colcon/install/unity_robotics_demo_msgs/share/unity_robotics_demo_msgs/cmake/export_unity_robotics_demo_msgs__rosidl_typesupport_fastrtps_cExport-noconfig.cmake
-- Installing: /home/webdrag0n/morpheus/workspace_colcon/install/unity_robotics_demo_msgs/share/unity_robotics_demo_msgs/cmake/unity_robotics_demo_msgs__rosidl_typesupport_introspection_cExport.cmake
-- Installing: /home/webdrag0n/morpheus/workspace_colcon/install/unity_robotics_demo_msgs/share/unity_robotics_demo_msgs/cmake/unity_robotics_demo_msgs__rosidl_typesupport_introspection_cExport-noconfig.cmake
-- Installing: /home/webdrag0n/morpheus/workspace_colcon/install/unity_robotics_demo_msgs/share/unity_robotics_demo_msgs/cmake/unity_robotics_demo_msgs__rosidl_typesupport_cExport.cmake
-- Installing: /home/webdrag0n/morpheus/workspace_colcon/install/unity_robotics_demo_msgs/share/unity_robotics_demo_msgs/cmake/unity_robotics_demo_msgs__rosidl_typesupport_cExport-noconfig.cmake
-- Installing: /home/webdrag0n/morpheus/workspace_colcon/install/unity_robotics_demo_msgs/share/unity_robotics_demo_msgs/cmake/export_unity_robotics_demo_msgs__rosidl_generator_cppExport.cmake
-- Installing: /home/webdrag0n/morpheus/workspace_colcon/install/unity_robotics_demo_msgs/share/unity_robotics_demo_msgs/cmake/export_unity_robotics_demo_msgs__rosidl_typesupport_fastrtps_cppExport.cmake
-- Installing: /home/webdrag0n/morpheus/workspace_colcon/install/unity_robotics_demo_msgs/share/unity_robotics_demo_msgs/cmake/export_unity_robotics_demo_msgs__rosidl_typesupport_fastrtps_cppExport-noconfig.cmake
-- Installing: /home/webdrag0n/morpheus/workspace_colcon/install/unity_robotics_demo_msgs/share/unity_robotics_demo_msgs/cmake/unity_robotics_demo_msgs__rosidl_typesupport_introspection_cppExport.cmake
-- Installing: /home/webdrag0n/morpheus/workspace_colcon/install/unity_robotics_demo_msgs/share/unity_robotics_demo_msgs/cmake/unity_robotics_demo_msgs__rosidl_typesupport_introspection_cppExport-noconfig.cmake
-- Installing: /home/webdrag0n/morpheus/workspace_colcon/install/unity_robotics_demo_msgs/share/unity_robotics_demo_msgs/cmake/unity_robotics_demo_msgs__rosidl_typesupport_cppExport.cmake
-- Installing: /home/webdrag0n/morpheus/workspace_colcon/install/unity_robotics_demo_msgs/share/unity_robotics_demo_msgs/cmake/unity_robotics_demo_msgs__rosidl_typesupport_cppExport-noconfig.cmake
-- Installing: /home/webdrag0n/morpheus/workspace_colcon/install/unity_robotics_demo_msgs/share/unity_robotics_demo_msgs/cmake/export_unity_robotics_demo_msgs__rosidl_generator_pyExport.cmake
-- Installing: /home/webdrag0n/morpheus/workspace_colcon/install/unity_robotics_demo_msgs/share/unity_robotics_demo_msgs/cmake/export_unity_robotics_demo_msgs__rosidl_generator_pyExport-noconfig.cmake
-- Installing: /home/webdrag0n/morpheus/workspace_colcon/install/unity_robotics_demo_msgs/share/unity_robotics_demo_msgs/cmake/rosidl_cmake-extras.cmake
-- Installing: /home/webdrag0n/morpheus/workspace_colcon/install/unity_robotics_demo_msgs/share/unity_robotics_demo_msgs/cmake/ament_cmake_export_dependencies-extras.cmake
-- Installing: /home/webdrag0n/morpheus/workspace_colcon/install/unity_robotics_demo_msgs/share/unity_robotics_demo_msgs/cmake/ament_cmake_export_include_directories-extras.cmake
-- Installing: /home/webdrag0n/morpheus/workspace_colcon/install/unity_robotics_demo_msgs/share/unity_robotics_demo_msgs/cmake/ament_cmake_export_libraries-extras.cmake
-- Installing: /home/webdrag0n/morpheus/workspace_colcon/install/unity_robotics_demo_msgs/share/unity_robotics_demo_msgs/cmake/ament_cmake_export_targets-extras.cmake
-- Installing: /home/webdrag0n/morpheus/workspace_colcon/install/unity_robotics_demo_msgs/share/unity_robotics_demo_msgs/cmake/rosidl_cmake_export_typesupport_targets-extras.cmake
-- Installing: /home/webdrag0n/morpheus/workspace_colcon/install/unity_robotics_demo_msgs/share/unity_robotics_demo_msgs/cmake/rosidl_cmake_export_typesupport_libraries-extras.cmake
-- Installing: /home/webdrag0n/morpheus/workspace_colcon/install/unity_robotics_demo_msgs/share/unity_robotics_demo_msgs/cmake/unity_robotics_demo_msgsConfig.cmake
-- Installing: /home/webdrag0n/morpheus/workspace_colcon/install/unity_robotics_demo_msgs/share/unity_robotics_demo_msgs/cmake/unity_robotics_demo_msgsConfig-version.cmake
-- Installing: /home/webdrag0n/morpheus/workspace_colcon/install/unity_robotics_demo_msgs/share/unity_robotics_demo_msgs/package.xml
