[0.502s] Invoking command in '/home/webdrag0n/morpheus/workspace_colcon/src/ROS-TCP-Endpoint': PYTHONPATH=/home/webdrag0n/morpheus/workspace_colcon/build/ros_tcp_endpoint/prefix_override:/usr/lib/python3/dist-packages/colcon_core/task/python/colcon_distutils_commands:/home/webdrag0n/morpheus/workspace_colcon/install/ros_tcp_endpoint/lib/python3.10/site-packages:${PYTHONPATH} /usr/bin/python3 -W ignore:setup.py install is deprecated setup.py egg_info --egg-base ../../build/ros_tcp_endpoint build --build-base /home/webdrag0n/morpheus/workspace_colcon/build/ros_tcp_endpoint/build install --record /home/webdrag0n/morpheus/workspace_colcon/build/ros_tcp_endpoint/install.log --install-scripts $base/lib/ros_tcp_endpoint --single-version-externally-managed install_data
[0.636s] /usr/lib/python3/dist-packages/setuptools/dist.py:723: UserWarning: Usage of dash-separated 'script-dir' will not be supported in future versions. Please use the underscore name 'script_dir' instead
[0.636s]   warnings.warn(
[0.641s] running egg_info
[0.642s] creating ../../build/ros_tcp_endpoint/ros_tcp_endpoint.egg-info
[0.642s] writing ../../build/ros_tcp_endpoint/ros_tcp_endpoint.egg-info/PKG-INFO
[0.642s] writing dependency_links to ../../build/ros_tcp_endpoint/ros_tcp_endpoint.egg-info/dependency_links.txt
[0.643s] writing entry points to ../../build/ros_tcp_endpoint/ros_tcp_endpoint.egg-info/entry_points.txt
[0.643s] writing requirements to ../../build/ros_tcp_endpoint/ros_tcp_endpoint.egg-info/requires.txt
[0.643s] writing top-level names to ../../build/ros_tcp_endpoint/ros_tcp_endpoint.egg-info/top_level.txt
[0.643s] writing manifest file '../../build/ros_tcp_endpoint/ros_tcp_endpoint.egg-info/SOURCES.txt'
[0.644s] reading manifest file '../../build/ros_tcp_endpoint/ros_tcp_endpoint.egg-info/SOURCES.txt'
[0.644s] adding license file 'LICENSE'
[0.644s] writing manifest file '../../build/ros_tcp_endpoint/ros_tcp_endpoint.egg-info/SOURCES.txt'
[0.645s] running build
[0.645s] running build_py
[0.645s] creating /home/webdrag0n/morpheus/workspace_colcon/build/ros_tcp_endpoint/build
[0.645s] creating /home/webdrag0n/morpheus/workspace_colcon/build/ros_tcp_endpoint/build/lib
[0.645s] creating /home/webdrag0n/morpheus/workspace_colcon/build/ros_tcp_endpoint/build/lib/ros_tcp_endpoint
[0.645s] copying ros_tcp_endpoint/unity_service.py -> /home/webdrag0n/morpheus/workspace_colcon/build/ros_tcp_endpoint/build/lib/ros_tcp_endpoint
[0.646s] copying ros_tcp_endpoint/exceptions.py -> /home/webdrag0n/morpheus/workspace_colcon/build/ros_tcp_endpoint/build/lib/ros_tcp_endpoint
[0.646s] copying ros_tcp_endpoint/communication.py -> /home/webdrag0n/morpheus/workspace_colcon/build/ros_tcp_endpoint/build/lib/ros_tcp_endpoint
[0.646s] copying ros_tcp_endpoint/thread_pauser.py -> /home/webdrag0n/morpheus/workspace_colcon/build/ros_tcp_endpoint/build/lib/ros_tcp_endpoint
[0.646s] copying ros_tcp_endpoint/tcp_sender.py -> /home/webdrag0n/morpheus/workspace_colcon/build/ros_tcp_endpoint/build/lib/ros_tcp_endpoint
[0.647s] copying ros_tcp_endpoint/client.py -> /home/webdrag0n/morpheus/workspace_colcon/build/ros_tcp_endpoint/build/lib/ros_tcp_endpoint
[0.647s] copying ros_tcp_endpoint/default_server_endpoint.py -> /home/webdrag0n/morpheus/workspace_colcon/build/ros_tcp_endpoint/build/lib/ros_tcp_endpoint
[0.647s] copying ros_tcp_endpoint/subscriber.py -> /home/webdrag0n/morpheus/workspace_colcon/build/ros_tcp_endpoint/build/lib/ros_tcp_endpoint
[0.648s] copying ros_tcp_endpoint/service.py -> /home/webdrag0n/morpheus/workspace_colcon/build/ros_tcp_endpoint/build/lib/ros_tcp_endpoint
[0.648s] copying ros_tcp_endpoint/publisher.py -> /home/webdrag0n/morpheus/workspace_colcon/build/ros_tcp_endpoint/build/lib/ros_tcp_endpoint
[0.648s] copying ros_tcp_endpoint/__init__.py -> /home/webdrag0n/morpheus/workspace_colcon/build/ros_tcp_endpoint/build/lib/ros_tcp_endpoint
[0.649s] copying ros_tcp_endpoint/server.py -> /home/webdrag0n/morpheus/workspace_colcon/build/ros_tcp_endpoint/build/lib/ros_tcp_endpoint
[0.649s] running install
[0.649s] running install_lib
[0.650s] creating /home/webdrag0n/morpheus/workspace_colcon/install/ros_tcp_endpoint/lib/python3.10/site-packages/ros_tcp_endpoint
[0.650s] copying /home/webdrag0n/morpheus/workspace_colcon/build/ros_tcp_endpoint/build/lib/ros_tcp_endpoint/unity_service.py -> /home/webdrag0n/morpheus/workspace_colcon/install/ros_tcp_endpoint/lib/python3.10/site-packages/ros_tcp_endpoint
[0.650s] copying /home/webdrag0n/morpheus/workspace_colcon/build/ros_tcp_endpoint/build/lib/ros_tcp_endpoint/exceptions.py -> /home/webdrag0n/morpheus/workspace_colcon/install/ros_tcp_endpoint/lib/python3.10/site-packages/ros_tcp_endpoint
[0.650s] copying /home/webdrag0n/morpheus/workspace_colcon/build/ros_tcp_endpoint/build/lib/ros_tcp_endpoint/communication.py -> /home/webdrag0n/morpheus/workspace_colcon/install/ros_tcp_endpoint/lib/python3.10/site-packages/ros_tcp_endpoint
[0.650s] copying /home/webdrag0n/morpheus/workspace_colcon/build/ros_tcp_endpoint/build/lib/ros_tcp_endpoint/thread_pauser.py -> /home/webdrag0n/morpheus/workspace_colcon/install/ros_tcp_endpoint/lib/python3.10/site-packages/ros_tcp_endpoint
[0.651s] copying /home/webdrag0n/morpheus/workspace_colcon/build/ros_tcp_endpoint/build/lib/ros_tcp_endpoint/tcp_sender.py -> /home/webdrag0n/morpheus/workspace_colcon/install/ros_tcp_endpoint/lib/python3.10/site-packages/ros_tcp_endpoint
[0.651s] copying /home/webdrag0n/morpheus/workspace_colcon/build/ros_tcp_endpoint/build/lib/ros_tcp_endpoint/client.py -> /home/webdrag0n/morpheus/workspace_colcon/install/ros_tcp_endpoint/lib/python3.10/site-packages/ros_tcp_endpoint
[0.651s] copying /home/webdrag0n/morpheus/workspace_colcon/build/ros_tcp_endpoint/build/lib/ros_tcp_endpoint/default_server_endpoint.py -> /home/webdrag0n/morpheus/workspace_colcon/install/ros_tcp_endpoint/lib/python3.10/site-packages/ros_tcp_endpoint
[0.651s] copying /home/webdrag0n/morpheus/workspace_colcon/build/ros_tcp_endpoint/build/lib/ros_tcp_endpoint/subscriber.py -> /home/webdrag0n/morpheus/workspace_colcon/install/ros_tcp_endpoint/lib/python3.10/site-packages/ros_tcp_endpoint
[0.652s] copying /home/webdrag0n/morpheus/workspace_colcon/build/ros_tcp_endpoint/build/lib/ros_tcp_endpoint/service.py -> /home/webdrag0n/morpheus/workspace_colcon/install/ros_tcp_endpoint/lib/python3.10/site-packages/ros_tcp_endpoint
[0.652s] copying /home/webdrag0n/morpheus/workspace_colcon/build/ros_tcp_endpoint/build/lib/ros_tcp_endpoint/publisher.py -> /home/webdrag0n/morpheus/workspace_colcon/install/ros_tcp_endpoint/lib/python3.10/site-packages/ros_tcp_endpoint
[0.652s] copying /home/webdrag0n/morpheus/workspace_colcon/build/ros_tcp_endpoint/build/lib/ros_tcp_endpoint/__init__.py -> /home/webdrag0n/morpheus/workspace_colcon/install/ros_tcp_endpoint/lib/python3.10/site-packages/ros_tcp_endpoint
[0.652s] copying /home/webdrag0n/morpheus/workspace_colcon/build/ros_tcp_endpoint/build/lib/ros_tcp_endpoint/server.py -> /home/webdrag0n/morpheus/workspace_colcon/install/ros_tcp_endpoint/lib/python3.10/site-packages/ros_tcp_endpoint
[0.652s] byte-compiling /home/webdrag0n/morpheus/workspace_colcon/install/ros_tcp_endpoint/lib/python3.10/site-packages/ros_tcp_endpoint/unity_service.py to unity_service.cpython-310.pyc
[0.653s] byte-compiling /home/webdrag0n/morpheus/workspace_colcon/install/ros_tcp_endpoint/lib/python3.10/site-packages/ros_tcp_endpoint/exceptions.py to exceptions.cpython-310.pyc
[0.653s] byte-compiling /home/webdrag0n/morpheus/workspace_colcon/install/ros_tcp_endpoint/lib/python3.10/site-packages/ros_tcp_endpoint/communication.py to communication.cpython-310.pyc
[0.653s] byte-compiling /home/webdrag0n/morpheus/workspace_colcon/install/ros_tcp_endpoint/lib/python3.10/site-packages/ros_tcp_endpoint/thread_pauser.py to thread_pauser.cpython-310.pyc
[0.653s] byte-compiling /home/webdrag0n/morpheus/workspace_colcon/install/ros_tcp_endpoint/lib/python3.10/site-packages/ros_tcp_endpoint/tcp_sender.py to tcp_sender.cpython-310.pyc
[0.655s] byte-compiling /home/webdrag0n/morpheus/workspace_colcon/install/ros_tcp_endpoint/lib/python3.10/site-packages/ros_tcp_endpoint/client.py to client.cpython-310.pyc
[0.656s] byte-compiling /home/webdrag0n/morpheus/workspace_colcon/install/ros_tcp_endpoint/lib/python3.10/site-packages/ros_tcp_endpoint/default_server_endpoint.py to default_server_endpoint.cpython-310.pyc
[0.656s] byte-compiling /home/webdrag0n/morpheus/workspace_colcon/install/ros_tcp_endpoint/lib/python3.10/site-packages/ros_tcp_endpoint/subscriber.py to subscriber.cpython-310.pyc
[0.656s] byte-compiling /home/webdrag0n/morpheus/workspace_colcon/install/ros_tcp_endpoint/lib/python3.10/site-packages/ros_tcp_endpoint/service.py to service.cpython-310.pyc
[0.656s] byte-compiling /home/webdrag0n/morpheus/workspace_colcon/install/ros_tcp_endpoint/lib/python3.10/site-packages/ros_tcp_endpoint/publisher.py to publisher.cpython-310.pyc
[0.657s] byte-compiling /home/webdrag0n/morpheus/workspace_colcon/install/ros_tcp_endpoint/lib/python3.10/site-packages/ros_tcp_endpoint/__init__.py to __init__.cpython-310.pyc
[0.657s] byte-compiling /home/webdrag0n/morpheus/workspace_colcon/install/ros_tcp_endpoint/lib/python3.10/site-packages/ros_tcp_endpoint/server.py to server.cpython-310.pyc
[0.658s] running install_data
[0.659s] creating /home/webdrag0n/morpheus/workspace_colcon/install/ros_tcp_endpoint/share/ament_index
[0.659s] creating /home/webdrag0n/morpheus/workspace_colcon/install/ros_tcp_endpoint/share/ament_index/resource_index
[0.659s] creating /home/webdrag0n/morpheus/workspace_colcon/install/ros_tcp_endpoint/share/ament_index/resource_index/packages
[0.659s] copying resource/ros_tcp_endpoint -> /home/webdrag0n/morpheus/workspace_colcon/install/ros_tcp_endpoint/share/ament_index/resource_index/packages
[0.659s] copying package.xml -> /home/webdrag0n/morpheus/workspace_colcon/install/ros_tcp_endpoint/share/ros_tcp_endpoint
[0.659s] creating /home/webdrag0n/morpheus/workspace_colcon/install/ros_tcp_endpoint/share/ros_tcp_endpoint/launch
[0.659s] copying launch/endpoint.py -> /home/webdrag0n/morpheus/workspace_colcon/install/ros_tcp_endpoint/share/ros_tcp_endpoint/launch
[0.660s] running install_egg_info
[0.660s] Copying ../../build/ros_tcp_endpoint/ros_tcp_endpoint.egg-info to /home/webdrag0n/morpheus/workspace_colcon/install/ros_tcp_endpoint/lib/python3.10/site-packages/ros_tcp_endpoint-0.0.1-py3.10.egg-info
[0.661s] running install_scripts
[0.673s] Installing default_server_endpoint script to /home/webdrag0n/morpheus/workspace_colcon/install/ros_tcp_endpoint/lib/ros_tcp_endpoint
[0.674s] writing list of installed files to '/home/webdrag0n/morpheus/workspace_colcon/build/ros_tcp_endpoint/install.log'
[0.687s] Invoked command in '/home/webdrag0n/morpheus/workspace_colcon/src/ROS-TCP-Endpoint' returned '0': PYTHONPATH=/home/webdrag0n/morpheus/workspace_colcon/build/ros_tcp_endpoint/prefix_override:/usr/lib/python3/dist-packages/colcon_core/task/python/colcon_distutils_commands:/home/webdrag0n/morpheus/workspace_colcon/install/ros_tcp_endpoint/lib/python3.10/site-packages:${PYTHONPATH} /usr/bin/python3 -W ignore:setup.py install is deprecated setup.py egg_info --egg-base ../../build/ros_tcp_endpoint build --build-base /home/webdrag0n/morpheus/workspace_colcon/build/ros_tcp_endpoint/build install --record /home/webdrag0n/morpheus/workspace_colcon/build/ros_tcp_endpoint/install.log --install-scripts $base/lib/ros_tcp_endpoint --single-version-externally-managed install_data
