[0.492s] Invoking command in '/home/webdrag0n/morpheus/workspace_colcon/src/unity_robotics_demo': PYTHONPATH=/home/webdrag0n/morpheus/workspace_colcon/build/unity_robotics_demo/prefix_override:/usr/lib/python3/dist-packages/colcon_core/task/python/colcon_distutils_commands:/home/webdrag0n/morpheus/workspace_colcon/install/unity_robotics_demo/lib/python3.10/site-packages:${PYTHONPATH} /usr/bin/python3 -W ignore:setup.py install is deprecated setup.py egg_info --egg-base ../../build/unity_robotics_demo build --build-base /home/webdrag0n/morpheus/workspace_colcon/build/unity_robotics_demo/build install --record /home/webdrag0n/morpheus/workspace_colcon/build/unity_robotics_demo/install.log --install-scripts $base/lib/unity_robotics_demo --single-version-externally-managed install_data
[0.619s] /usr/lib/python3/dist-packages/setuptools/dist.py:723: UserWarning: Usage of dash-separated 'script-dir' will not be supported in future versions. Please use the underscore name 'script_dir' instead
[0.619s]   warnings.warn(
[0.624s] running egg_info
[0.624s] creating ../../build/unity_robotics_demo/unity_robotics_demo.egg-info
[0.625s] writing ../../build/unity_robotics_demo/unity_robotics_demo.egg-info/PKG-INFO
[0.625s] writing dependency_links to ../../build/unity_robotics_demo/unity_robotics_demo.egg-info/dependency_links.txt
[0.625s] writing entry points to ../../build/unity_robotics_demo/unity_robotics_demo.egg-info/entry_points.txt
[0.625s] writing requirements to ../../build/unity_robotics_demo/unity_robotics_demo.egg-info/requires.txt
[0.625s] writing top-level names to ../../build/unity_robotics_demo/unity_robotics_demo.egg-info/top_level.txt
[0.625s] writing manifest file '../../build/unity_robotics_demo/unity_robotics_demo.egg-info/SOURCES.txt'
[0.628s] reading manifest file '../../build/unity_robotics_demo/unity_robotics_demo.egg-info/SOURCES.txt'
[0.629s] writing manifest file '../../build/unity_robotics_demo/unity_robotics_demo.egg-info/SOURCES.txt'
[0.629s] running build
[0.629s] running build_py
[0.629s] creating /home/webdrag0n/morpheus/workspace_colcon/build/unity_robotics_demo/build
[0.629s] creating /home/webdrag0n/morpheus/workspace_colcon/build/unity_robotics_demo/build/lib
[0.629s] creating /home/webdrag0n/morpheus/workspace_colcon/build/unity_robotics_demo/build/lib/unity_robotics_demo
[0.629s] copying unity_robotics_demo/color_publisher.py -> /home/webdrag0n/morpheus/workspace_colcon/build/unity_robotics_demo/build/lib/unity_robotics_demo
[0.630s] copying unity_robotics_demo/position_service.py -> /home/webdrag0n/morpheus/workspace_colcon/build/unity_robotics_demo/build/lib/unity_robotics_demo
[0.630s] copying unity_robotics_demo/__init__.py -> /home/webdrag0n/morpheus/workspace_colcon/build/unity_robotics_demo/build/lib/unity_robotics_demo
[0.630s] running install
[0.630s] running install_lib
[0.631s] creating /home/webdrag0n/morpheus/workspace_colcon/install/unity_robotics_demo/lib/python3.10/site-packages/unity_robotics_demo
[0.631s] copying /home/webdrag0n/morpheus/workspace_colcon/build/unity_robotics_demo/build/lib/unity_robotics_demo/color_publisher.py -> /home/webdrag0n/morpheus/workspace_colcon/install/unity_robotics_demo/lib/python3.10/site-packages/unity_robotics_demo
[0.631s] copying /home/webdrag0n/morpheus/workspace_colcon/build/unity_robotics_demo/build/lib/unity_robotics_demo/position_service.py -> /home/webdrag0n/morpheus/workspace_colcon/install/unity_robotics_demo/lib/python3.10/site-packages/unity_robotics_demo
[0.631s] copying /home/webdrag0n/morpheus/workspace_colcon/build/unity_robotics_demo/build/lib/unity_robotics_demo/__init__.py -> /home/webdrag0n/morpheus/workspace_colcon/install/unity_robotics_demo/lib/python3.10/site-packages/unity_robotics_demo
[0.632s] byte-compiling /home/webdrag0n/morpheus/workspace_colcon/install/unity_robotics_demo/lib/python3.10/site-packages/unity_robotics_demo/color_publisher.py to color_publisher.cpython-310.pyc
[0.632s] byte-compiling /home/webdrag0n/morpheus/workspace_colcon/install/unity_robotics_demo/lib/python3.10/site-packages/unity_robotics_demo/position_service.py to position_service.cpython-310.pyc
[0.632s] byte-compiling /home/webdrag0n/morpheus/workspace_colcon/install/unity_robotics_demo/lib/python3.10/site-packages/unity_robotics_demo/__init__.py to __init__.cpython-310.pyc
[0.633s] running install_data
[0.633s] creating /home/webdrag0n/morpheus/workspace_colcon/install/unity_robotics_demo/share/ament_index
[0.633s] creating /home/webdrag0n/morpheus/workspace_colcon/install/unity_robotics_demo/share/ament_index/resource_index
[0.634s] creating /home/webdrag0n/morpheus/workspace_colcon/install/unity_robotics_demo/share/ament_index/resource_index/packages
[0.634s] copying resource/unity_robotics_demo -> /home/webdrag0n/morpheus/workspace_colcon/install/unity_robotics_demo/share/ament_index/resource_index/packages
[0.634s] copying package.xml -> /home/webdrag0n/morpheus/workspace_colcon/install/unity_robotics_demo/share/unity_robotics_demo
[0.634s] running install_egg_info
[0.635s] Copying ../../build/unity_robotics_demo/unity_robotics_demo.egg-info to /home/webdrag0n/morpheus/workspace_colcon/install/unity_robotics_demo/lib/python3.10/site-packages/unity_robotics_demo-0.0.1-py3.10.egg-info
[0.635s] running install_scripts
[0.649s] Installing color_publisher script to /home/webdrag0n/morpheus/workspace_colcon/install/unity_robotics_demo/lib/unity_robotics_demo
[0.650s] Installing position_service script to /home/webdrag0n/morpheus/workspace_colcon/install/unity_robotics_demo/lib/unity_robotics_demo
[0.650s] writing list of installed files to '/home/webdrag0n/morpheus/workspace_colcon/build/unity_robotics_demo/install.log'
[0.662s] Invoked command in '/home/webdrag0n/morpheus/workspace_colcon/src/unity_robotics_demo' returned '0': PYTHONPATH=/home/webdrag0n/morpheus/workspace_colcon/build/unity_robotics_demo/prefix_override:/usr/lib/python3/dist-packages/colcon_core/task/python/colcon_distutils_commands:/home/webdrag0n/morpheus/workspace_colcon/install/unity_robotics_demo/lib/python3.10/site-packages:${PYTHONPATH} /usr/bin/python3 -W ignore:setup.py install is deprecated setup.py egg_info --egg-base ../../build/unity_robotics_demo build --build-base /home/webdrag0n/morpheus/workspace_colcon/build/unity_robotics_demo/build install --record /home/webdrag0n/morpheus/workspace_colcon/build/unity_robotics_demo/install.log --install-scripts $base/lib/unity_robotics_demo --single-version-externally-managed install_data
