[0.288s] Invoking command in '/home/webdrag0n/morpheus/workspace_colcon/build/unity_robotics_demo_msgs': CMAKE_PREFIX_PATH=${CMAKE_PREFIX_PATH}:/home/webdrag0n/morpheus/workspace_colcon/install/unity_robotics_demo:/home/webdrag0n/morpheus/workspace_colcon/install/ros_tcp_endpoint:/opt/ros/humble CONDA_PROMPT_MODIFIER=(base) /usr/bin/cmake --build /home/webdrag0n/morpheus/workspace_colcon/build/unity_robotics_demo_msgs -- -j16 -l16
[0.385s] [  1%] Built target unity_robotics_demo_msgs__cpp
[0.399s] [ 12%] Built target unity_robotics_demo_msgs__rosidl_generator_c
[0.405s] [ 12%] Built target ament_cmake_python_copy_unity_robotics_demo_msgs
[0.420s] [ 34%] Built target unity_robotics_demo_msgs__rosidl_typesupport_cpp
[0.420s] [ 34%] Built target unity_robotics_demo_msgs__rosidl_typesupport_introspection_cpp
[0.420s] [ 49%] Built target unity_robotics_demo_msgs__rosidl_typesupport_c
[0.421s] [ 57%] Built target unity_robotics_demo_msgs__rosidl_typesupport_introspection_c
[0.422s] [ 68%] Built target unity_robotics_demo_msgs__rosidl_typesupport_fastrtps_cpp
[0.425s] [ 79%] Built target unity_robotics_demo_msgs__rosidl_typesupport_fastrtps_c
[0.438s] [ 79%] Built target unity_robotics_demo_msgs
[0.453s] [ 80%] Built target unity_robotics_demo_msgs__py
[0.476s] [ 90%] Built target unity_robotics_demo_msgs__rosidl_generator_py
[0.493s] [ 93%] Built target unity_robotics_demo_msgs__rosidl_typesupport_introspection_c__pyext
[0.494s] [ 96%] Built target unity_robotics_demo_msgs__rosidl_typesupport_fastrtps_c__pyext
[0.494s] [100%] Built target unity_robotics_demo_msgs__rosidl_typesupport_c__pyext
[0.561s] running egg_info
[0.562s] writing unity_robotics_demo_msgs.egg-info/PKG-INFO
[0.562s] writing dependency_links to unity_robotics_demo_msgs.egg-info/dependency_links.txt
[0.562s] writing top-level names to unity_robotics_demo_msgs.egg-info/top_level.txt
[0.563s] reading manifest file 'unity_robotics_demo_msgs.egg-info/SOURCES.txt'
[0.564s] writing manifest file 'unity_robotics_demo_msgs.egg-info/SOURCES.txt'
[0.580s] [100%] Built target ament_cmake_python_build_unity_robotics_demo_msgs_egg
[0.587s] Invoked command in '/home/webdrag0n/morpheus/workspace_colcon/build/unity_robotics_demo_msgs' returned '0': CMAKE_PREFIX_PATH=${CMAKE_PREFIX_PATH}:/home/webdrag0n/morpheus/workspace_colcon/install/unity_robotics_demo:/home/webdrag0n/morpheus/workspace_colcon/install/ros_tcp_endpoint:/opt/ros/humble CONDA_PROMPT_MODIFIER=(base) /usr/bin/cmake --build /home/webdrag0n/morpheus/workspace_colcon/build/unity_robotics_demo_msgs -- -j16 -l16
[0.698s] Invoking command in '/home/webdrag0n/morpheus/workspace_colcon/build/unity_robotics_demo_msgs': CMAKE_PREFIX_PATH=${CMAKE_PREFIX_PATH}:/home/webdrag0n/morpheus/workspace_colcon/install/unity_robotics_demo:/home/webdrag0n/morpheus/workspace_colcon/install/ros_tcp_endpoint:/opt/ros/humble CONDA_PROMPT_MODIFIER=(base) /usr/bin/cmake --install /home/webdrag0n/morpheus/workspace_colcon/build/unity_robotics_demo_msgs
[0.705s] -- Install configuration: ""
[0.705s] -- Up-to-date: /home/webdrag0n/morpheus/workspace_colcon/install/unity_robotics_demo_msgs/share/ament_index/resource_index/rosidl_interfaces/unity_robotics_demo_msgs
[0.705s] -- Up-to-date: /home/webdrag0n/morpheus/workspace_colcon/install/unity_robotics_demo_msgs/include/unity_robotics_demo_msgs/unity_robotics_demo_msgs
[0.705s] -- Up-to-date: /home/webdrag0n/morpheus/workspace_colcon/install/unity_robotics_demo_msgs/include/unity_robotics_demo_msgs/unity_robotics_demo_msgs/srv
[0.706s] -- Up-to-date: /home/webdrag0n/morpheus/workspace_colcon/install/unity_robotics_demo_msgs/include/unity_robotics_demo_msgs/unity_robotics_demo_msgs/srv/position_service.h
[0.706s] -- Up-to-date: /home/webdrag0n/morpheus/workspace_colcon/install/unity_robotics_demo_msgs/include/unity_robotics_demo_msgs/unity_robotics_demo_msgs/srv/object_pose_service.h
[0.706s] -- Up-to-date: /home/webdrag0n/morpheus/workspace_colcon/install/unity_robotics_demo_msgs/include/unity_robotics_demo_msgs/unity_robotics_demo_msgs/srv/detail
[0.706s] -- Up-to-date: /home/webdrag0n/morpheus/workspace_colcon/install/unity_robotics_demo_msgs/include/unity_robotics_demo_msgs/unity_robotics_demo_msgs/srv/detail/object_pose_service__struct.h
[0.707s] -- Up-to-date: /home/webdrag0n/morpheus/workspace_colcon/install/unity_robotics_demo_msgs/include/unity_robotics_demo_msgs/unity_robotics_demo_msgs/srv/detail/object_pose_service__type_support.h
[0.707s] -- Up-to-date: /home/webdrag0n/morpheus/workspace_colcon/install/unity_robotics_demo_msgs/include/unity_robotics_demo_msgs/unity_robotics_demo_msgs/srv/detail/position_service__functions.c
[0.707s] -- Up-to-date: /home/webdrag0n/morpheus/workspace_colcon/install/unity_robotics_demo_msgs/include/unity_robotics_demo_msgs/unity_robotics_demo_msgs/srv/detail/position_service__functions.h
[0.707s] -- Up-to-date: /home/webdrag0n/morpheus/workspace_colcon/install/unity_robotics_demo_msgs/include/unity_robotics_demo_msgs/unity_robotics_demo_msgs/srv/detail/position_service__struct.h
[0.707s] -- Up-to-date: /home/webdrag0n/morpheus/workspace_colcon/install/unity_robotics_demo_msgs/include/unity_robotics_demo_msgs/unity_robotics_demo_msgs/srv/detail/object_pose_service__functions.h
[0.707s] -- Up-to-date: /home/webdrag0n/morpheus/workspace_colcon/install/unity_robotics_demo_msgs/include/unity_robotics_demo_msgs/unity_robotics_demo_msgs/srv/detail/position_service__type_support.h
[0.707s] -- Up-to-date: /home/webdrag0n/morpheus/workspace_colcon/install/unity_robotics_demo_msgs/include/unity_robotics_demo_msgs/unity_robotics_demo_msgs/srv/detail/object_pose_service__functions.c
[0.707s] -- Up-to-date: /home/webdrag0n/morpheus/workspace_colcon/install/unity_robotics_demo_msgs/include/unity_robotics_demo_msgs/unity_robotics_demo_msgs/msg
[0.707s] -- Up-to-date: /home/webdrag0n/morpheus/workspace_colcon/install/unity_robotics_demo_msgs/include/unity_robotics_demo_msgs/unity_robotics_demo_msgs/msg/h1_control_command.h
[0.708s] -- Up-to-date: /home/webdrag0n/morpheus/workspace_colcon/install/unity_robotics_demo_msgs/include/unity_robotics_demo_msgs/unity_robotics_demo_msgs/msg/pos_rot.h
[0.708s] -- Up-to-date: /home/webdrag0n/morpheus/workspace_colcon/install/unity_robotics_demo_msgs/include/unity_robotics_demo_msgs/unity_robotics_demo_msgs/msg/rosidl_generator_c__visibility_control.h
[0.708s] -- Up-to-date: /home/webdrag0n/morpheus/workspace_colcon/install/unity_robotics_demo_msgs/include/unity_robotics_demo_msgs/unity_robotics_demo_msgs/msg/detail
[0.708s] -- Up-to-date: /home/webdrag0n/morpheus/workspace_colcon/install/unity_robotics_demo_msgs/include/unity_robotics_demo_msgs/unity_robotics_demo_msgs/msg/detail/pos_rot__type_support.h
[0.708s] -- Up-to-date: /home/webdrag0n/morpheus/workspace_colcon/install/unity_robotics_demo_msgs/include/unity_robotics_demo_msgs/unity_robotics_demo_msgs/msg/detail/unity_color__type_support.h
[0.708s] -- Up-to-date: /home/webdrag0n/morpheus/workspace_colcon/install/unity_robotics_demo_msgs/include/unity_robotics_demo_msgs/unity_robotics_demo_msgs/msg/detail/pos_rot__struct.h
[0.709s] -- Up-to-date: /home/webdrag0n/morpheus/workspace_colcon/install/unity_robotics_demo_msgs/include/unity_robotics_demo_msgs/unity_robotics_demo_msgs/msg/detail/unity_color__functions.c
[0.709s] -- Up-to-date: /home/webdrag0n/morpheus/workspace_colcon/install/unity_robotics_demo_msgs/include/unity_robotics_demo_msgs/unity_robotics_demo_msgs/msg/detail/h1_control_command__type_support.h
[0.709s] -- Up-to-date: /home/webdrag0n/morpheus/workspace_colcon/install/unity_robotics_demo_msgs/include/unity_robotics_demo_msgs/unity_robotics_demo_msgs/msg/detail/unity_color__struct.h
[0.709s] -- Up-to-date: /home/webdrag0n/morpheus/workspace_colcon/install/unity_robotics_demo_msgs/include/unity_robotics_demo_msgs/unity_robotics_demo_msgs/msg/detail/pos_rot__functions.h
[0.709s] -- Up-to-date: /home/webdrag0n/morpheus/workspace_colcon/install/unity_robotics_demo_msgs/include/unity_robotics_demo_msgs/unity_robotics_demo_msgs/msg/detail/h1_control_command__functions.c
[0.709s] -- Up-to-date: /home/webdrag0n/morpheus/workspace_colcon/install/unity_robotics_demo_msgs/include/unity_robotics_demo_msgs/unity_robotics_demo_msgs/msg/detail/pos_rot__functions.c
[0.709s] -- Up-to-date: /home/webdrag0n/morpheus/workspace_colcon/install/unity_robotics_demo_msgs/include/unity_robotics_demo_msgs/unity_robotics_demo_msgs/msg/detail/h1_control_command__struct.h
[0.709s] -- Up-to-date: /home/webdrag0n/morpheus/workspace_colcon/install/unity_robotics_demo_msgs/include/unity_robotics_demo_msgs/unity_robotics_demo_msgs/msg/detail/h1_control_command__functions.h
[0.709s] -- Up-to-date: /home/webdrag0n/morpheus/workspace_colcon/install/unity_robotics_demo_msgs/include/unity_robotics_demo_msgs/unity_robotics_demo_msgs/msg/detail/unity_color__functions.h
[0.709s] -- Up-to-date: /home/webdrag0n/morpheus/workspace_colcon/install/unity_robotics_demo_msgs/include/unity_robotics_demo_msgs/unity_robotics_demo_msgs/msg/unity_color.h
[0.709s] -- Up-to-date: /home/webdrag0n/morpheus/workspace_colcon/install/unity_robotics_demo_msgs/share/unity_robotics_demo_msgs/environment/library_path.sh
[0.709s] -- Up-to-date: /home/webdrag0n/morpheus/workspace_colcon/install/unity_robotics_demo_msgs/share/unity_robotics_demo_msgs/environment/library_path.dsv
[0.710s] -- Up-to-date: /home/webdrag0n/morpheus/workspace_colcon/install/unity_robotics_demo_msgs/lib/libunity_robotics_demo_msgs__rosidl_generator_c.so
[0.710s] -- Up-to-date: /home/webdrag0n/morpheus/workspace_colcon/install/unity_robotics_demo_msgs/include/unity_robotics_demo_msgs/unity_robotics_demo_msgs
[0.710s] -- Up-to-date: /home/webdrag0n/morpheus/workspace_colcon/install/unity_robotics_demo_msgs/include/unity_robotics_demo_msgs/unity_robotics_demo_msgs/srv
[0.710s] -- Up-to-date: /home/webdrag0n/morpheus/workspace_colcon/install/unity_robotics_demo_msgs/include/unity_robotics_demo_msgs/unity_robotics_demo_msgs/srv/detail
[0.711s] -- Up-to-date: /home/webdrag0n/morpheus/workspace_colcon/install/unity_robotics_demo_msgs/include/unity_robotics_demo_msgs/unity_robotics_demo_msgs/srv/detail/object_pose_service__rosidl_typesupport_fastrtps_c.h
[0.711s] -- Up-to-date: /home/webdrag0n/morpheus/workspace_colcon/install/unity_robotics_demo_msgs/include/unity_robotics_demo_msgs/unity_robotics_demo_msgs/srv/detail/position_service__rosidl_typesupport_fastrtps_c.h
[0.711s] -- Up-to-date: /home/webdrag0n/morpheus/workspace_colcon/install/unity_robotics_demo_msgs/include/unity_robotics_demo_msgs/unity_robotics_demo_msgs/msg
[0.711s] -- Up-to-date: /home/webdrag0n/morpheus/workspace_colcon/install/unity_robotics_demo_msgs/include/unity_robotics_demo_msgs/unity_robotics_demo_msgs/msg/rosidl_typesupport_fastrtps_c__visibility_control.h
[0.711s] -- Up-to-date: /home/webdrag0n/morpheus/workspace_colcon/install/unity_robotics_demo_msgs/include/unity_robotics_demo_msgs/unity_robotics_demo_msgs/msg/detail
[0.711s] -- Up-to-date: /home/webdrag0n/morpheus/workspace_colcon/install/unity_robotics_demo_msgs/include/unity_robotics_demo_msgs/unity_robotics_demo_msgs/msg/detail/unity_color__rosidl_typesupport_fastrtps_c.h
[0.711s] -- Up-to-date: /home/webdrag0n/morpheus/workspace_colcon/install/unity_robotics_demo_msgs/include/unity_robotics_demo_msgs/unity_robotics_demo_msgs/msg/detail/h1_control_command__rosidl_typesupport_fastrtps_c.h
[0.711s] -- Up-to-date: /home/webdrag0n/morpheus/workspace_colcon/install/unity_robotics_demo_msgs/include/unity_robotics_demo_msgs/unity_robotics_demo_msgs/msg/detail/pos_rot__rosidl_typesupport_fastrtps_c.h
[0.712s] -- Up-to-date: /home/webdrag0n/morpheus/workspace_colcon/install/unity_robotics_demo_msgs/lib/libunity_robotics_demo_msgs__rosidl_typesupport_fastrtps_c.so
[0.712s] -- Up-to-date: /home/webdrag0n/morpheus/workspace_colcon/install/unity_robotics_demo_msgs/include/unity_robotics_demo_msgs/unity_robotics_demo_msgs
[0.713s] -- Up-to-date: /home/webdrag0n/morpheus/workspace_colcon/install/unity_robotics_demo_msgs/include/unity_robotics_demo_msgs/unity_robotics_demo_msgs/srv
[0.713s] -- Up-to-date: /home/webdrag0n/morpheus/workspace_colcon/install/unity_robotics_demo_msgs/include/unity_robotics_demo_msgs/unity_robotics_demo_msgs/srv/detail
[0.714s] -- Up-to-date: /home/webdrag0n/morpheus/workspace_colcon/install/unity_robotics_demo_msgs/include/unity_robotics_demo_msgs/unity_robotics_demo_msgs/srv/detail/position_service__type_support.c
[0.714s] -- Up-to-date: /home/webdrag0n/morpheus/workspace_colcon/install/unity_robotics_demo_msgs/include/unity_robotics_demo_msgs/unity_robotics_demo_msgs/srv/detail/position_service__rosidl_typesupport_introspection_c.h
[0.715s] -- Up-to-date: /home/webdrag0n/morpheus/workspace_colcon/install/unity_robotics_demo_msgs/include/unity_robotics_demo_msgs/unity_robotics_demo_msgs/srv/detail/object_pose_service__rosidl_typesupport_introspection_c.h
[0.715s] -- Up-to-date: /home/webdrag0n/morpheus/workspace_colcon/install/unity_robotics_demo_msgs/include/unity_robotics_demo_msgs/unity_robotics_demo_msgs/srv/detail/object_pose_service__type_support.c
[0.715s] -- Up-to-date: /home/webdrag0n/morpheus/workspace_colcon/install/unity_robotics_demo_msgs/include/unity_robotics_demo_msgs/unity_robotics_demo_msgs/msg
[0.716s] -- Up-to-date: /home/webdrag0n/morpheus/workspace_colcon/install/unity_robotics_demo_msgs/include/unity_robotics_demo_msgs/unity_robotics_demo_msgs/msg/rosidl_typesupport_introspection_c__visibility_control.h
[0.716s] -- Up-to-date: /home/webdrag0n/morpheus/workspace_colcon/install/unity_robotics_demo_msgs/include/unity_robotics_demo_msgs/unity_robotics_demo_msgs/msg/detail
[0.716s] -- Up-to-date: /home/webdrag0n/morpheus/workspace_colcon/install/unity_robotics_demo_msgs/include/unity_robotics_demo_msgs/unity_robotics_demo_msgs/msg/detail/pos_rot__rosidl_typesupport_introspection_c.h
[0.716s] -- Up-to-date: /home/webdrag0n/morpheus/workspace_colcon/install/unity_robotics_demo_msgs/include/unity_robotics_demo_msgs/unity_robotics_demo_msgs/msg/detail/unity_color__rosidl_typesupport_introspection_c.h
[0.717s] -- Up-to-date: /home/webdrag0n/morpheus/workspace_colcon/install/unity_robotics_demo_msgs/include/unity_robotics_demo_msgs/unity_robotics_demo_msgs/msg/detail/h1_control_command__type_support.c
[0.717s] -- Up-to-date: /home/webdrag0n/morpheus/workspace_colcon/install/unity_robotics_demo_msgs/include/unity_robotics_demo_msgs/unity_robotics_demo_msgs/msg/detail/pos_rot__type_support.c
[0.718s] -- Up-to-date: /home/webdrag0n/morpheus/workspace_colcon/install/unity_robotics_demo_msgs/include/unity_robotics_demo_msgs/unity_robotics_demo_msgs/msg/detail/h1_control_command__rosidl_typesupport_introspection_c.h
[0.718s] -- Up-to-date: /home/webdrag0n/morpheus/workspace_colcon/install/unity_robotics_demo_msgs/include/unity_robotics_demo_msgs/unity_robotics_demo_msgs/msg/detail/unity_color__type_support.c
[0.718s] -- Up-to-date: /home/webdrag0n/morpheus/workspace_colcon/install/unity_robotics_demo_msgs/lib/libunity_robotics_demo_msgs__rosidl_typesupport_introspection_c.so
[0.719s] -- Up-to-date: /home/webdrag0n/morpheus/workspace_colcon/install/unity_robotics_demo_msgs/lib/libunity_robotics_demo_msgs__rosidl_typesupport_c.so
[0.719s] -- Up-to-date: /home/webdrag0n/morpheus/workspace_colcon/install/unity_robotics_demo_msgs/include/unity_robotics_demo_msgs/unity_robotics_demo_msgs
[0.720s] -- Up-to-date: /home/webdrag0n/morpheus/workspace_colcon/install/unity_robotics_demo_msgs/include/unity_robotics_demo_msgs/unity_robotics_demo_msgs/srv
[0.720s] -- Up-to-date: /home/webdrag0n/morpheus/workspace_colcon/install/unity_robotics_demo_msgs/include/unity_robotics_demo_msgs/unity_robotics_demo_msgs/srv/position_service.hpp
[0.720s] -- Up-to-date: /home/webdrag0n/morpheus/workspace_colcon/install/unity_robotics_demo_msgs/include/unity_robotics_demo_msgs/unity_robotics_demo_msgs/srv/detail
[0.720s] -- Up-to-date: /home/webdrag0n/morpheus/workspace_colcon/install/unity_robotics_demo_msgs/include/unity_robotics_demo_msgs/unity_robotics_demo_msgs/srv/detail/position_service__builder.hpp
[0.720s] -- Up-to-date: /home/webdrag0n/morpheus/workspace_colcon/install/unity_robotics_demo_msgs/include/unity_robotics_demo_msgs/unity_robotics_demo_msgs/srv/detail/object_pose_service__struct.hpp
[0.720s] -- Up-to-date: /home/webdrag0n/morpheus/workspace_colcon/install/unity_robotics_demo_msgs/include/unity_robotics_demo_msgs/unity_robotics_demo_msgs/srv/detail/position_service__struct.hpp
[0.721s] -- Up-to-date: /home/webdrag0n/morpheus/workspace_colcon/install/unity_robotics_demo_msgs/include/unity_robotics_demo_msgs/unity_robotics_demo_msgs/srv/detail/position_service__traits.hpp
[0.721s] -- Up-to-date: /home/webdrag0n/morpheus/workspace_colcon/install/unity_robotics_demo_msgs/include/unity_robotics_demo_msgs/unity_robotics_demo_msgs/srv/detail/object_pose_service__builder.hpp
[0.721s] -- Up-to-date: /home/webdrag0n/morpheus/workspace_colcon/install/unity_robotics_demo_msgs/include/unity_robotics_demo_msgs/unity_robotics_demo_msgs/srv/detail/object_pose_service__traits.hpp
[0.721s] -- Up-to-date: /home/webdrag0n/morpheus/workspace_colcon/install/unity_robotics_demo_msgs/include/unity_robotics_demo_msgs/unity_robotics_demo_msgs/srv/object_pose_service.hpp
[0.721s] -- Up-to-date: /home/webdrag0n/morpheus/workspace_colcon/install/unity_robotics_demo_msgs/include/unity_robotics_demo_msgs/unity_robotics_demo_msgs/msg
[0.722s] -- Up-to-date: /home/webdrag0n/morpheus/workspace_colcon/install/unity_robotics_demo_msgs/include/unity_robotics_demo_msgs/unity_robotics_demo_msgs/msg/pos_rot.hpp
[0.722s] -- Up-to-date: /home/webdrag0n/morpheus/workspace_colcon/install/unity_robotics_demo_msgs/include/unity_robotics_demo_msgs/unity_robotics_demo_msgs/msg/h1_control_command.hpp
[0.722s] -- Up-to-date: /home/webdrag0n/morpheus/workspace_colcon/install/unity_robotics_demo_msgs/include/unity_robotics_demo_msgs/unity_robotics_demo_msgs/msg/detail
[0.722s] -- Up-to-date: /home/webdrag0n/morpheus/workspace_colcon/install/unity_robotics_demo_msgs/include/unity_robotics_demo_msgs/unity_robotics_demo_msgs/msg/detail/h1_control_command__traits.hpp
[0.723s] -- Up-to-date: /home/webdrag0n/morpheus/workspace_colcon/install/unity_robotics_demo_msgs/include/unity_robotics_demo_msgs/unity_robotics_demo_msgs/msg/detail/pos_rot__struct.hpp
[0.723s] -- Up-to-date: /home/webdrag0n/morpheus/workspace_colcon/install/unity_robotics_demo_msgs/include/unity_robotics_demo_msgs/unity_robotics_demo_msgs/msg/detail/unity_color__traits.hpp
[0.723s] -- Up-to-date: /home/webdrag0n/morpheus/workspace_colcon/install/unity_robotics_demo_msgs/include/unity_robotics_demo_msgs/unity_robotics_demo_msgs/msg/detail/pos_rot__traits.hpp
[0.724s] -- Up-to-date: /home/webdrag0n/morpheus/workspace_colcon/install/unity_robotics_demo_msgs/include/unity_robotics_demo_msgs/unity_robotics_demo_msgs/msg/detail/h1_control_command__builder.hpp
[0.724s] -- Up-to-date: /home/webdrag0n/morpheus/workspace_colcon/install/unity_robotics_demo_msgs/include/unity_robotics_demo_msgs/unity_robotics_demo_msgs/msg/detail/unity_color__builder.hpp
[0.724s] -- Up-to-date: /home/webdrag0n/morpheus/workspace_colcon/install/unity_robotics_demo_msgs/include/unity_robotics_demo_msgs/unity_robotics_demo_msgs/msg/detail/unity_color__struct.hpp
[0.724s] -- Up-to-date: /home/webdrag0n/morpheus/workspace_colcon/install/unity_robotics_demo_msgs/include/unity_robotics_demo_msgs/unity_robotics_demo_msgs/msg/detail/pos_rot__builder.hpp
[0.724s] -- Up-to-date: /home/webdrag0n/morpheus/workspace_colcon/install/unity_robotics_demo_msgs/include/unity_robotics_demo_msgs/unity_robotics_demo_msgs/msg/detail/h1_control_command__struct.hpp
[0.724s] -- Up-to-date: /home/webdrag0n/morpheus/workspace_colcon/install/unity_robotics_demo_msgs/include/unity_robotics_demo_msgs/unity_robotics_demo_msgs/msg/unity_color.hpp
[0.725s] -- Up-to-date: /home/webdrag0n/morpheus/workspace_colcon/install/unity_robotics_demo_msgs/include/unity_robotics_demo_msgs/unity_robotics_demo_msgs
[0.725s] -- Up-to-date: /home/webdrag0n/morpheus/workspace_colcon/install/unity_robotics_demo_msgs/include/unity_robotics_demo_msgs/unity_robotics_demo_msgs/srv
[0.725s] -- Up-to-date: /home/webdrag0n/morpheus/workspace_colcon/install/unity_robotics_demo_msgs/include/unity_robotics_demo_msgs/unity_robotics_demo_msgs/srv/detail
[0.725s] -- Up-to-date: /home/webdrag0n/morpheus/workspace_colcon/install/unity_robotics_demo_msgs/include/unity_robotics_demo_msgs/unity_robotics_demo_msgs/srv/detail/position_service__rosidl_typesupport_fastrtps_cpp.hpp
[0.725s] -- Up-to-date: /home/webdrag0n/morpheus/workspace_colcon/install/unity_robotics_demo_msgs/include/unity_robotics_demo_msgs/unity_robotics_demo_msgs/srv/detail/object_pose_service__rosidl_typesupport_fastrtps_cpp.hpp
[0.725s] -- Up-to-date: /home/webdrag0n/morpheus/workspace_colcon/install/unity_robotics_demo_msgs/include/unity_robotics_demo_msgs/unity_robotics_demo_msgs/srv/detail/dds_fastrtps
[0.726s] -- Up-to-date: /home/webdrag0n/morpheus/workspace_colcon/install/unity_robotics_demo_msgs/include/unity_robotics_demo_msgs/unity_robotics_demo_msgs/msg
[0.726s] -- Up-to-date: /home/webdrag0n/morpheus/workspace_colcon/install/unity_robotics_demo_msgs/include/unity_robotics_demo_msgs/unity_robotics_demo_msgs/msg/rosidl_typesupport_fastrtps_cpp__visibility_control.h
[0.726s] -- Up-to-date: /home/webdrag0n/morpheus/workspace_colcon/install/unity_robotics_demo_msgs/include/unity_robotics_demo_msgs/unity_robotics_demo_msgs/msg/detail
[0.727s] -- Up-to-date: /home/webdrag0n/morpheus/workspace_colcon/install/unity_robotics_demo_msgs/include/unity_robotics_demo_msgs/unity_robotics_demo_msgs/msg/detail/pos_rot__rosidl_typesupport_fastrtps_cpp.hpp
[0.727s] -- Up-to-date: /home/webdrag0n/morpheus/workspace_colcon/install/unity_robotics_demo_msgs/include/unity_robotics_demo_msgs/unity_robotics_demo_msgs/msg/detail/dds_fastrtps
[0.727s] -- Up-to-date: /home/webdrag0n/morpheus/workspace_colcon/install/unity_robotics_demo_msgs/include/unity_robotics_demo_msgs/unity_robotics_demo_msgs/msg/detail/unity_color__rosidl_typesupport_fastrtps_cpp.hpp
[0.728s] -- Up-to-date: /home/webdrag0n/morpheus/workspace_colcon/install/unity_robotics_demo_msgs/include/unity_robotics_demo_msgs/unity_robotics_demo_msgs/msg/detail/h1_control_command__rosidl_typesupport_fastrtps_cpp.hpp
[0.728s] -- Up-to-date: /home/webdrag0n/morpheus/workspace_colcon/install/unity_robotics_demo_msgs/lib/libunity_robotics_demo_msgs__rosidl_typesupport_fastrtps_cpp.so
[0.728s] -- Up-to-date: /home/webdrag0n/morpheus/workspace_colcon/install/unity_robotics_demo_msgs/include/unity_robotics_demo_msgs/unity_robotics_demo_msgs
[0.728s] -- Up-to-date: /home/webdrag0n/morpheus/workspace_colcon/install/unity_robotics_demo_msgs/include/unity_robotics_demo_msgs/unity_robotics_demo_msgs/srv
[0.729s] -- Up-to-date: /home/webdrag0n/morpheus/workspace_colcon/install/unity_robotics_demo_msgs/include/unity_robotics_demo_msgs/unity_robotics_demo_msgs/srv/detail
[0.729s] -- Up-to-date: /home/webdrag0n/morpheus/workspace_colcon/install/unity_robotics_demo_msgs/include/unity_robotics_demo_msgs/unity_robotics_demo_msgs/srv/detail/object_pose_service__type_support.cpp
[0.729s] -- Up-to-date: /home/webdrag0n/morpheus/workspace_colcon/install/unity_robotics_demo_msgs/include/unity_robotics_demo_msgs/unity_robotics_demo_msgs/srv/detail/position_service__type_support.cpp
[0.729s] -- Up-to-date: /home/webdrag0n/morpheus/workspace_colcon/install/unity_robotics_demo_msgs/include/unity_robotics_demo_msgs/unity_robotics_demo_msgs/srv/detail/object_pose_service__rosidl_typesupport_introspection_cpp.hpp
[0.729s] -- Up-to-date: /home/webdrag0n/morpheus/workspace_colcon/install/unity_robotics_demo_msgs/include/unity_robotics_demo_msgs/unity_robotics_demo_msgs/srv/detail/position_service__rosidl_typesupport_introspection_cpp.hpp
[0.729s] -- Up-to-date: /home/webdrag0n/morpheus/workspace_colcon/install/unity_robotics_demo_msgs/include/unity_robotics_demo_msgs/unity_robotics_demo_msgs/msg
[0.729s] -- Up-to-date: /home/webdrag0n/morpheus/workspace_colcon/install/unity_robotics_demo_msgs/include/unity_robotics_demo_msgs/unity_robotics_demo_msgs/msg/detail
[0.729s] -- Up-to-date: /home/webdrag0n/morpheus/workspace_colcon/install/unity_robotics_demo_msgs/include/unity_robotics_demo_msgs/unity_robotics_demo_msgs/msg/detail/pos_rot__type_support.cpp
[0.730s] -- Up-to-date: /home/webdrag0n/morpheus/workspace_colcon/install/unity_robotics_demo_msgs/include/unity_robotics_demo_msgs/unity_robotics_demo_msgs/msg/detail/h1_control_command__rosidl_typesupport_introspection_cpp.hpp
[0.730s] -- Up-to-date: /home/webdrag0n/morpheus/workspace_colcon/install/unity_robotics_demo_msgs/include/unity_robotics_demo_msgs/unity_robotics_demo_msgs/msg/detail/unity_color__type_support.cpp
[0.730s] -- Up-to-date: /home/webdrag0n/morpheus/workspace_colcon/install/unity_robotics_demo_msgs/include/unity_robotics_demo_msgs/unity_robotics_demo_msgs/msg/detail/pos_rot__rosidl_typesupport_introspection_cpp.hpp
[0.730s] -- Up-to-date: /home/webdrag0n/morpheus/workspace_colcon/install/unity_robotics_demo_msgs/include/unity_robotics_demo_msgs/unity_robotics_demo_msgs/msg/detail/h1_control_command__type_support.cpp
[0.730s] -- Up-to-date: /home/webdrag0n/morpheus/workspace_colcon/install/unity_robotics_demo_msgs/include/unity_robotics_demo_msgs/unity_robotics_demo_msgs/msg/detail/unity_color__rosidl_typesupport_introspection_cpp.hpp
[0.731s] -- Up-to-date: /home/webdrag0n/morpheus/workspace_colcon/install/unity_robotics_demo_msgs/lib/libunity_robotics_demo_msgs__rosidl_typesupport_introspection_cpp.so
[0.731s] -- Up-to-date: /home/webdrag0n/morpheus/workspace_colcon/install/unity_robotics_demo_msgs/lib/libunity_robotics_demo_msgs__rosidl_typesupport_cpp.so
[0.731s] -- Up-to-date: /home/webdrag0n/morpheus/workspace_colcon/install/unity_robotics_demo_msgs/share/unity_robotics_demo_msgs/environment/pythonpath.sh
[0.731s] -- Up-to-date: /home/webdrag0n/morpheus/workspace_colcon/install/unity_robotics_demo_msgs/share/unity_robotics_demo_msgs/environment/pythonpath.dsv
[0.731s] -- Up-to-date: /home/webdrag0n/morpheus/workspace_colcon/install/unity_robotics_demo_msgs/local/lib/python3.10/dist-packages/unity_robotics_demo_msgs-0.0.1-py3.10.egg-info
[0.732s] -- Installing: /home/webdrag0n/morpheus/workspace_colcon/install/unity_robotics_demo_msgs/local/lib/python3.10/dist-packages/unity_robotics_demo_msgs-0.0.1-py3.10.egg-info/top_level.txt
[0.732s] -- Installing: /home/webdrag0n/morpheus/workspace_colcon/install/unity_robotics_demo_msgs/local/lib/python3.10/dist-packages/unity_robotics_demo_msgs-0.0.1-py3.10.egg-info/dependency_links.txt
[0.732s] -- Installing: /home/webdrag0n/morpheus/workspace_colcon/install/unity_robotics_demo_msgs/local/lib/python3.10/dist-packages/unity_robotics_demo_msgs-0.0.1-py3.10.egg-info/SOURCES.txt
[0.732s] -- Installing: /home/webdrag0n/morpheus/workspace_colcon/install/unity_robotics_demo_msgs/local/lib/python3.10/dist-packages/unity_robotics_demo_msgs-0.0.1-py3.10.egg-info/PKG-INFO
[0.732s] -- Up-to-date: /home/webdrag0n/morpheus/workspace_colcon/install/unity_robotics_demo_msgs/local/lib/python3.10/dist-packages/unity_robotics_demo_msgs
[0.732s] -- Up-to-date: /home/webdrag0n/morpheus/workspace_colcon/install/unity_robotics_demo_msgs/local/lib/python3.10/dist-packages/unity_robotics_demo_msgs/libunity_robotics_demo_msgs__rosidl_generator_py.so
[0.732s] -- Up-to-date: /home/webdrag0n/morpheus/workspace_colcon/install/unity_robotics_demo_msgs/local/lib/python3.10/dist-packages/unity_robotics_demo_msgs/_unity_robotics_demo_msgs_s.ep.rosidl_typesupport_fastrtps_c.c
[0.733s] -- Up-to-date: /home/webdrag0n/morpheus/workspace_colcon/install/unity_robotics_demo_msgs/local/lib/python3.10/dist-packages/unity_robotics_demo_msgs/srv
[0.733s] -- Up-to-date: /home/webdrag0n/morpheus/workspace_colcon/install/unity_robotics_demo_msgs/local/lib/python3.10/dist-packages/unity_robotics_demo_msgs/srv/_position_service.py
[0.733s] -- Up-to-date: /home/webdrag0n/morpheus/workspace_colcon/install/unity_robotics_demo_msgs/local/lib/python3.10/dist-packages/unity_robotics_demo_msgs/srv/_object_pose_service_s.c
[0.733s] -- Up-to-date: /home/webdrag0n/morpheus/workspace_colcon/install/unity_robotics_demo_msgs/local/lib/python3.10/dist-packages/unity_robotics_demo_msgs/srv/_position_service_s.c
[0.733s] -- Up-to-date: /home/webdrag0n/morpheus/workspace_colcon/install/unity_robotics_demo_msgs/local/lib/python3.10/dist-packages/unity_robotics_demo_msgs/srv/__init__.py
[0.733s] -- Up-to-date: /home/webdrag0n/morpheus/workspace_colcon/install/unity_robotics_demo_msgs/local/lib/python3.10/dist-packages/unity_robotics_demo_msgs/srv/_object_pose_service.py
[0.733s] -- Up-to-date: /home/webdrag0n/morpheus/workspace_colcon/install/unity_robotics_demo_msgs/local/lib/python3.10/dist-packages/unity_robotics_demo_msgs/_unity_robotics_demo_msgs_s.ep.rosidl_typesupport_c.c
[0.733s] -- Up-to-date: /home/webdrag0n/morpheus/workspace_colcon/install/unity_robotics_demo_msgs/local/lib/python3.10/dist-packages/unity_robotics_demo_msgs/unity_robotics_demo_msgs_s__rosidl_typesupport_c.cpython-310-x86_64-linux-gnu.so
[0.733s] -- Up-to-date: /home/webdrag0n/morpheus/workspace_colcon/install/unity_robotics_demo_msgs/local/lib/python3.10/dist-packages/unity_robotics_demo_msgs/msg
[0.733s] -- Up-to-date: /home/webdrag0n/morpheus/workspace_colcon/install/unity_robotics_demo_msgs/local/lib/python3.10/dist-packages/unity_robotics_demo_msgs/msg/_unity_color.py
[0.734s] -- Up-to-date: /home/webdrag0n/morpheus/workspace_colcon/install/unity_robotics_demo_msgs/local/lib/python3.10/dist-packages/unity_robotics_demo_msgs/msg/_h1_control_command_s.c
[0.734s] -- Up-to-date: /home/webdrag0n/morpheus/workspace_colcon/install/unity_robotics_demo_msgs/local/lib/python3.10/dist-packages/unity_robotics_demo_msgs/msg/_h1_control_command.py
[0.734s] -- Up-to-date: /home/webdrag0n/morpheus/workspace_colcon/install/unity_robotics_demo_msgs/local/lib/python3.10/dist-packages/unity_robotics_demo_msgs/msg/_pos_rot.py
[0.734s] -- Up-to-date: /home/webdrag0n/morpheus/workspace_colcon/install/unity_robotics_demo_msgs/local/lib/python3.10/dist-packages/unity_robotics_demo_msgs/msg/_unity_color_s.c
[0.734s] -- Up-to-date: /home/webdrag0n/morpheus/workspace_colcon/install/unity_robotics_demo_msgs/local/lib/python3.10/dist-packages/unity_robotics_demo_msgs/msg/_pos_rot_s.c
[0.734s] -- Up-to-date: /home/webdrag0n/morpheus/workspace_colcon/install/unity_robotics_demo_msgs/local/lib/python3.10/dist-packages/unity_robotics_demo_msgs/msg/__init__.py
[0.734s] -- Up-to-date: /home/webdrag0n/morpheus/workspace_colcon/install/unity_robotics_demo_msgs/local/lib/python3.10/dist-packages/unity_robotics_demo_msgs/unity_robotics_demo_msgs_s__rosidl_typesupport_fastrtps_c.cpython-310-x86_64-linux-gnu.so
[0.734s] -- Up-to-date: /home/webdrag0n/morpheus/workspace_colcon/install/unity_robotics_demo_msgs/local/lib/python3.10/dist-packages/unity_robotics_demo_msgs/_unity_robotics_demo_msgs_s.ep.rosidl_typesupport_introspection_c.c
[0.734s] -- Up-to-date: /home/webdrag0n/morpheus/workspace_colcon/install/unity_robotics_demo_msgs/local/lib/python3.10/dist-packages/unity_robotics_demo_msgs/unity_robotics_demo_msgs_s__rosidl_typesupport_introspection_c.cpython-310-x86_64-linux-gnu.so
[0.734s] -- Up-to-date: /home/webdrag0n/morpheus/workspace_colcon/install/unity_robotics_demo_msgs/local/lib/python3.10/dist-packages/unity_robotics_demo_msgs/__init__.py
[0.749s] Listing '/home/webdrag0n/morpheus/workspace_colcon/install/unity_robotics_demo_msgs/local/lib/python3.10/dist-packages/unity_robotics_demo_msgs'...
[0.749s] Listing '/home/webdrag0n/morpheus/workspace_colcon/install/unity_robotics_demo_msgs/local/lib/python3.10/dist-packages/unity_robotics_demo_msgs/msg'...
[0.750s] Listing '/home/webdrag0n/morpheus/workspace_colcon/install/unity_robotics_demo_msgs/local/lib/python3.10/dist-packages/unity_robotics_demo_msgs/srv'...
[0.752s] -- Up-to-date: /home/webdrag0n/morpheus/workspace_colcon/install/unity_robotics_demo_msgs/local/lib/python3.10/dist-packages/unity_robotics_demo_msgs/unity_robotics_demo_msgs_s__rosidl_typesupport_fastrtps_c.cpython-310-x86_64-linux-gnu.so
[0.753s] -- Up-to-date: /home/webdrag0n/morpheus/workspace_colcon/install/unity_robotics_demo_msgs/local/lib/python3.10/dist-packages/unity_robotics_demo_msgs/unity_robotics_demo_msgs_s__rosidl_typesupport_introspection_c.cpython-310-x86_64-linux-gnu.so
[0.754s] -- Up-to-date: /home/webdrag0n/morpheus/workspace_colcon/install/unity_robotics_demo_msgs/local/lib/python3.10/dist-packages/unity_robotics_demo_msgs/unity_robotics_demo_msgs_s__rosidl_typesupport_c.cpython-310-x86_64-linux-gnu.so
[0.755s] -- Up-to-date: /home/webdrag0n/morpheus/workspace_colcon/install/unity_robotics_demo_msgs/lib/libunity_robotics_demo_msgs__rosidl_generator_py.so
[0.755s] -- Up-to-date: /home/webdrag0n/morpheus/workspace_colcon/install/unity_robotics_demo_msgs/share/unity_robotics_demo_msgs/msg/PosRot.idl
[0.755s] -- Up-to-date: /home/webdrag0n/morpheus/workspace_colcon/install/unity_robotics_demo_msgs/share/unity_robotics_demo_msgs/msg/UnityColor.idl
[0.756s] -- Up-to-date: /home/webdrag0n/morpheus/workspace_colcon/install/unity_robotics_demo_msgs/share/unity_robotics_demo_msgs/msg/H1ControlCommand.idl
[0.756s] -- Up-to-date: /home/webdrag0n/morpheus/workspace_colcon/install/unity_robotics_demo_msgs/share/unity_robotics_demo_msgs/srv/PositionService.idl
[0.756s] -- Up-to-date: /home/webdrag0n/morpheus/workspace_colcon/install/unity_robotics_demo_msgs/share/unity_robotics_demo_msgs/srv/ObjectPoseService.idl
[0.756s] -- Up-to-date: /home/webdrag0n/morpheus/workspace_colcon/install/unity_robotics_demo_msgs/share/unity_robotics_demo_msgs/msg/PosRot.msg
[0.756s] -- Up-to-date: /home/webdrag0n/morpheus/workspace_colcon/install/unity_robotics_demo_msgs/share/unity_robotics_demo_msgs/msg/UnityColor.msg
[0.757s] -- Up-to-date: /home/webdrag0n/morpheus/workspace_colcon/install/unity_robotics_demo_msgs/share/unity_robotics_demo_msgs/msg/H1ControlCommand.msg
[0.757s] -- Up-to-date: /home/webdrag0n/morpheus/workspace_colcon/install/unity_robotics_demo_msgs/share/unity_robotics_demo_msgs/srv/PositionService.srv
[0.757s] -- Up-to-date: /home/webdrag0n/morpheus/workspace_colcon/install/unity_robotics_demo_msgs/share/unity_robotics_demo_msgs/srv/PositionService_Request.msg
[0.757s] -- Up-to-date: /home/webdrag0n/morpheus/workspace_colcon/install/unity_robotics_demo_msgs/share/unity_robotics_demo_msgs/srv/PositionService_Response.msg
[0.757s] -- Up-to-date: /home/webdrag0n/morpheus/workspace_colcon/install/unity_robotics_demo_msgs/share/unity_robotics_demo_msgs/srv/ObjectPoseService.srv
[0.757s] -- Up-to-date: /home/webdrag0n/morpheus/workspace_colcon/install/unity_robotics_demo_msgs/share/unity_robotics_demo_msgs/srv/ObjectPoseService_Request.msg
[0.757s] -- Up-to-date: /home/webdrag0n/morpheus/workspace_colcon/install/unity_robotics_demo_msgs/share/unity_robotics_demo_msgs/srv/ObjectPoseService_Response.msg
[0.757s] -- Up-to-date: /home/webdrag0n/morpheus/workspace_colcon/install/unity_robotics_demo_msgs/share/ament_index/resource_index/package_run_dependencies/unity_robotics_demo_msgs
[0.757s] -- Up-to-date: /home/webdrag0n/morpheus/workspace_colcon/install/unity_robotics_demo_msgs/share/ament_index/resource_index/parent_prefix_path/unity_robotics_demo_msgs
[0.758s] -- Up-to-date: /home/webdrag0n/morpheus/workspace_colcon/install/unity_robotics_demo_msgs/share/unity_robotics_demo_msgs/environment/ament_prefix_path.sh
[0.758s] -- Up-to-date: /home/webdrag0n/morpheus/workspace_colcon/install/unity_robotics_demo_msgs/share/unity_robotics_demo_msgs/environment/ament_prefix_path.dsv
[0.758s] -- Up-to-date: /home/webdrag0n/morpheus/workspace_colcon/install/unity_robotics_demo_msgs/share/unity_robotics_demo_msgs/environment/path.sh
[0.758s] -- Up-to-date: /home/webdrag0n/morpheus/workspace_colcon/install/unity_robotics_demo_msgs/share/unity_robotics_demo_msgs/environment/path.dsv
[0.758s] -- Up-to-date: /home/webdrag0n/morpheus/workspace_colcon/install/unity_robotics_demo_msgs/share/unity_robotics_demo_msgs/local_setup.bash
[0.758s] -- Up-to-date: /home/webdrag0n/morpheus/workspace_colcon/install/unity_robotics_demo_msgs/share/unity_robotics_demo_msgs/local_setup.sh
[0.758s] -- Up-to-date: /home/webdrag0n/morpheus/workspace_colcon/install/unity_robotics_demo_msgs/share/unity_robotics_demo_msgs/local_setup.zsh
[0.758s] -- Up-to-date: /home/webdrag0n/morpheus/workspace_colcon/install/unity_robotics_demo_msgs/share/unity_robotics_demo_msgs/local_setup.dsv
[0.758s] -- Installing: /home/webdrag0n/morpheus/workspace_colcon/install/unity_robotics_demo_msgs/share/unity_robotics_demo_msgs/package.dsv
[0.758s] -- Up-to-date: /home/webdrag0n/morpheus/workspace_colcon/install/unity_robotics_demo_msgs/share/ament_index/resource_index/packages/unity_robotics_demo_msgs
[0.758s] -- Up-to-date: /home/webdrag0n/morpheus/workspace_colcon/install/unity_robotics_demo_msgs/share/unity_robotics_demo_msgs/cmake/export_unity_robotics_demo_msgs__rosidl_generator_cExport.cmake
[0.758s] -- Up-to-date: /home/webdrag0n/morpheus/workspace_colcon/install/unity_robotics_demo_msgs/share/unity_robotics_demo_msgs/cmake/export_unity_robotics_demo_msgs__rosidl_generator_cExport-noconfig.cmake
[0.759s] -- Up-to-date: /home/webdrag0n/morpheus/workspace_colcon/install/unity_robotics_demo_msgs/share/unity_robotics_demo_msgs/cmake/export_unity_robotics_demo_msgs__rosidl_typesupport_fastrtps_cExport.cmake
[0.759s] -- Up-to-date: /home/webdrag0n/morpheus/workspace_colcon/install/unity_robotics_demo_msgs/share/unity_robotics_demo_msgs/cmake/export_unity_robotics_demo_msgs__rosidl_typesupport_fastrtps_cExport-noconfig.cmake
[0.760s] -- Up-to-date: /home/webdrag0n/morpheus/workspace_colcon/install/unity_robotics_demo_msgs/share/unity_robotics_demo_msgs/cmake/unity_robotics_demo_msgs__rosidl_typesupport_introspection_cExport.cmake
[0.760s] -- Up-to-date: /home/webdrag0n/morpheus/workspace_colcon/install/unity_robotics_demo_msgs/share/unity_robotics_demo_msgs/cmake/unity_robotics_demo_msgs__rosidl_typesupport_introspection_cExport-noconfig.cmake
[0.760s] -- Up-to-date: /home/webdrag0n/morpheus/workspace_colcon/install/unity_robotics_demo_msgs/share/unity_robotics_demo_msgs/cmake/unity_robotics_demo_msgs__rosidl_typesupport_cExport.cmake
[0.760s] -- Up-to-date: /home/webdrag0n/morpheus/workspace_colcon/install/unity_robotics_demo_msgs/share/unity_robotics_demo_msgs/cmake/unity_robotics_demo_msgs__rosidl_typesupport_cExport-noconfig.cmake
[0.761s] -- Up-to-date: /home/webdrag0n/morpheus/workspace_colcon/install/unity_robotics_demo_msgs/share/unity_robotics_demo_msgs/cmake/export_unity_robotics_demo_msgs__rosidl_generator_cppExport.cmake
[0.761s] -- Up-to-date: /home/webdrag0n/morpheus/workspace_colcon/install/unity_robotics_demo_msgs/share/unity_robotics_demo_msgs/cmake/export_unity_robotics_demo_msgs__rosidl_typesupport_fastrtps_cppExport.cmake
[0.762s] -- Up-to-date: /home/webdrag0n/morpheus/workspace_colcon/install/unity_robotics_demo_msgs/share/unity_robotics_demo_msgs/cmake/export_unity_robotics_demo_msgs__rosidl_typesupport_fastrtps_cppExport-noconfig.cmake
[0.762s] -- Up-to-date: /home/webdrag0n/morpheus/workspace_colcon/install/unity_robotics_demo_msgs/share/unity_robotics_demo_msgs/cmake/unity_robotics_demo_msgs__rosidl_typesupport_introspection_cppExport.cmake
[0.762s] -- Up-to-date: /home/webdrag0n/morpheus/workspace_colcon/install/unity_robotics_demo_msgs/share/unity_robotics_demo_msgs/cmake/unity_robotics_demo_msgs__rosidl_typesupport_introspection_cppExport-noconfig.cmake
[0.763s] -- Up-to-date: /home/webdrag0n/morpheus/workspace_colcon/install/unity_robotics_demo_msgs/share/unity_robotics_demo_msgs/cmake/unity_robotics_demo_msgs__rosidl_typesupport_cppExport.cmake
[0.763s] -- Up-to-date: /home/webdrag0n/morpheus/workspace_colcon/install/unity_robotics_demo_msgs/share/unity_robotics_demo_msgs/cmake/unity_robotics_demo_msgs__rosidl_typesupport_cppExport-noconfig.cmake
[0.763s] -- Up-to-date: /home/webdrag0n/morpheus/workspace_colcon/install/unity_robotics_demo_msgs/share/unity_robotics_demo_msgs/cmake/export_unity_robotics_demo_msgs__rosidl_generator_pyExport.cmake
[0.764s] -- Up-to-date: /home/webdrag0n/morpheus/workspace_colcon/install/unity_robotics_demo_msgs/share/unity_robotics_demo_msgs/cmake/export_unity_robotics_demo_msgs__rosidl_generator_pyExport-noconfig.cmake
[0.764s] -- Up-to-date: /home/webdrag0n/morpheus/workspace_colcon/install/unity_robotics_demo_msgs/share/unity_robotics_demo_msgs/cmake/rosidl_cmake-extras.cmake
[0.764s] -- Up-to-date: /home/webdrag0n/morpheus/workspace_colcon/install/unity_robotics_demo_msgs/share/unity_robotics_demo_msgs/cmake/ament_cmake_export_dependencies-extras.cmake
[0.764s] -- Up-to-date: /home/webdrag0n/morpheus/workspace_colcon/install/unity_robotics_demo_msgs/share/unity_robotics_demo_msgs/cmake/ament_cmake_export_include_directories-extras.cmake
[0.764s] -- Up-to-date: /home/webdrag0n/morpheus/workspace_colcon/install/unity_robotics_demo_msgs/share/unity_robotics_demo_msgs/cmake/ament_cmake_export_libraries-extras.cmake
[0.764s] -- Up-to-date: /home/webdrag0n/morpheus/workspace_colcon/install/unity_robotics_demo_msgs/share/unity_robotics_demo_msgs/cmake/ament_cmake_export_targets-extras.cmake
[0.764s] -- Up-to-date: /home/webdrag0n/morpheus/workspace_colcon/install/unity_robotics_demo_msgs/share/unity_robotics_demo_msgs/cmake/rosidl_cmake_export_typesupport_targets-extras.cmake
[0.764s] -- Up-to-date: /home/webdrag0n/morpheus/workspace_colcon/install/unity_robotics_demo_msgs/share/unity_robotics_demo_msgs/cmake/rosidl_cmake_export_typesupport_libraries-extras.cmake
[0.764s] -- Up-to-date: /home/webdrag0n/morpheus/workspace_colcon/install/unity_robotics_demo_msgs/share/unity_robotics_demo_msgs/cmake/unity_robotics_demo_msgsConfig.cmake
[0.764s] -- Up-to-date: /home/webdrag0n/morpheus/workspace_colcon/install/unity_robotics_demo_msgs/share/unity_robotics_demo_msgs/cmake/unity_robotics_demo_msgsConfig-version.cmake
[0.764s] -- Up-to-date: /home/webdrag0n/morpheus/workspace_colcon/install/unity_robotics_demo_msgs/share/unity_robotics_demo_msgs/package.xml
[0.766s] Invoked command in '/home/webdrag0n/morpheus/workspace_colcon/build/unity_robotics_demo_msgs' returned '0': CMAKE_PREFIX_PATH=${CMAKE_PREFIX_PATH}:/home/webdrag0n/morpheus/workspace_colcon/install/unity_robotics_demo:/home/webdrag0n/morpheus/workspace_colcon/install/ros_tcp_endpoint:/opt/ros/humble CONDA_PROMPT_MODIFIER=(base) /usr/bin/cmake --install /home/webdrag0n/morpheus/workspace_colcon/build/unity_robotics_demo_msgs
