[0.286s] Invoking command in '/home/webdrag0n/morpheus/workspace_colcon/build/unity_robotics_demo_msgs': CMAKE_PREFIX_PATH=${CMAKE_PREFIX_PATH}:/home/webdrag0n/morpheus/workspace_colcon/install/unity_robotics_demo:/home/webdrag0n/morpheus/workspace_colcon/install/ros_tcp_endpoint:/opt/ros/humble /usr/bin/cmake --build /home/webdrag0n/morpheus/workspace_colcon/build/unity_robotics_demo_msgs -- -j16 -l16
[0.318s] [35m[1mConsolidate compiler generated dependencies of target unity_robotics_demo_msgs__rosidl_generator_c[0m
[0.324s] [  1%] Built target unity_robotics_demo_msgs__cpp
[0.327s] [ 12%] Built target unity_robotics_demo_msgs__rosidl_generator_c
[0.347s] [ 12%] Built target ament_cmake_python_copy_unity_robotics_demo_msgs
[0.347s] [35m[1mConsolidate compiler generated dependencies of target unity_robotics_demo_msgs__rosidl_typesupport_fastrtps_cpp[0m
[0.347s] [35m[1mConsolidate compiler generated dependencies of target unity_robotics_demo_msgs__rosidl_typesupport_cpp[0m
[0.347s] [35m[1mConsolidate compiler generated dependencies of target unity_robotics_demo_msgs__rosidl_typesupport_introspection_cpp[0m
[0.347s] [35m[1mConsolidate compiler generated dependencies of target unity_robotics_demo_msgs__rosidl_typesupport_introspection_c[0m
[0.349s] [35m[1mConsolidate compiler generated dependencies of target unity_robotics_demo_msgs__rosidl_typesupport_fastrtps_c[0m
[0.349s] [35m[1mConsolidate compiler generated dependencies of target unity_robotics_demo_msgs__rosidl_typesupport_c[0m
[0.357s] [ 23%] Built target unity_robotics_demo_msgs__rosidl_typesupport_introspection_cpp
[0.357s] [ 34%] Built target unity_robotics_demo_msgs__rosidl_typesupport_cpp
[0.357s] [ 45%] Built target unity_robotics_demo_msgs__rosidl_typesupport_c
[0.364s] [ 56%] Built target unity_robotics_demo_msgs__rosidl_typesupport_fastrtps_cpp
[0.364s] [ 67%] Built target unity_robotics_demo_msgs__rosidl_typesupport_introspection_c
[0.365s] [ 78%] Built target unity_robotics_demo_msgs__rosidl_typesupport_fastrtps_c
[0.380s] [ 78%] Built target unity_robotics_demo_msgs
[0.394s] [ 80%] Built target unity_robotics_demo_msgs__py
[0.401s] [35m[1mConsolidate compiler generated dependencies of target unity_robotics_demo_msgs__rosidl_generator_py[0m
[0.412s] [ 89%] Built target unity_robotics_demo_msgs__rosidl_generator_py
[0.420s] [35m[1mConsolidate compiler generated dependencies of target unity_robotics_demo_msgs__rosidl_typesupport_fastrtps_c__pyext[0m
[0.420s] [35m[1mConsolidate compiler generated dependencies of target unity_robotics_demo_msgs__rosidl_typesupport_introspection_c__pyext[0m
[0.420s] [35m[1mConsolidate compiler generated dependencies of target unity_robotics_demo_msgs__rosidl_typesupport_c__pyext[0m
[0.429s] [ 92%] Built target unity_robotics_demo_msgs__rosidl_typesupport_introspection_c__pyext
[0.430s] [ 96%] Built target unity_robotics_demo_msgs__rosidl_typesupport_fastrtps_c__pyext
[0.431s] [100%] Built target unity_robotics_demo_msgs__rosidl_typesupport_c__pyext
[0.492s] running egg_info
[0.492s] writing unity_robotics_demo_msgs.egg-info/PKG-INFO
[0.492s] writing dependency_links to unity_robotics_demo_msgs.egg-info/dependency_links.txt
[0.492s] writing top-level names to unity_robotics_demo_msgs.egg-info/top_level.txt
[0.494s] reading manifest file 'unity_robotics_demo_msgs.egg-info/SOURCES.txt'
[0.494s] writing manifest file 'unity_robotics_demo_msgs.egg-info/SOURCES.txt'
[0.510s] [100%] Built target ament_cmake_python_build_unity_robotics_demo_msgs_egg
[0.517s] Invoked command in '/home/webdrag0n/morpheus/workspace_colcon/build/unity_robotics_demo_msgs' returned '0': CMAKE_PREFIX_PATH=${CMAKE_PREFIX_PATH}:/home/webdrag0n/morpheus/workspace_colcon/install/unity_robotics_demo:/home/webdrag0n/morpheus/workspace_colcon/install/ros_tcp_endpoint:/opt/ros/humble /usr/bin/cmake --build /home/webdrag0n/morpheus/workspace_colcon/build/unity_robotics_demo_msgs -- -j16 -l16
[0.615s] Invoking command in '/home/webdrag0n/morpheus/workspace_colcon/build/unity_robotics_demo_msgs': CMAKE_PREFIX_PATH=${CMAKE_PREFIX_PATH}:/home/webdrag0n/morpheus/workspace_colcon/install/unity_robotics_demo:/home/webdrag0n/morpheus/workspace_colcon/install/ros_tcp_endpoint:/opt/ros/humble /usr/bin/cmake --install /home/webdrag0n/morpheus/workspace_colcon/build/unity_robotics_demo_msgs
[0.620s] -- Install configuration: ""
[0.620s] -- Up-to-date: /home/webdrag0n/morpheus/workspace_colcon/install/unity_robotics_demo_msgs/share/ament_index/resource_index/rosidl_interfaces/unity_robotics_demo_msgs
[0.620s] -- Up-to-date: /home/webdrag0n/morpheus/workspace_colcon/install/unity_robotics_demo_msgs/include/unity_robotics_demo_msgs/unity_robotics_demo_msgs
[0.620s] -- Up-to-date: /home/webdrag0n/morpheus/workspace_colcon/install/unity_robotics_demo_msgs/include/unity_robotics_demo_msgs/unity_robotics_demo_msgs/srv
[0.621s] -- Up-to-date: /home/webdrag0n/morpheus/workspace_colcon/install/unity_robotics_demo_msgs/include/unity_robotics_demo_msgs/unity_robotics_demo_msgs/srv/position_service.h
[0.621s] -- Up-to-date: /home/webdrag0n/morpheus/workspace_colcon/install/unity_robotics_demo_msgs/include/unity_robotics_demo_msgs/unity_robotics_demo_msgs/srv/object_pose_service.h
[0.621s] -- Up-to-date: /home/webdrag0n/morpheus/workspace_colcon/install/unity_robotics_demo_msgs/include/unity_robotics_demo_msgs/unity_robotics_demo_msgs/srv/detail
[0.621s] -- Up-to-date: /home/webdrag0n/morpheus/workspace_colcon/install/unity_robotics_demo_msgs/include/unity_robotics_demo_msgs/unity_robotics_demo_msgs/srv/detail/object_pose_service__struct.h
[0.621s] -- Up-to-date: /home/webdrag0n/morpheus/workspace_colcon/install/unity_robotics_demo_msgs/include/unity_robotics_demo_msgs/unity_robotics_demo_msgs/srv/detail/object_pose_service__type_support.h
[0.621s] -- Up-to-date: /home/webdrag0n/morpheus/workspace_colcon/install/unity_robotics_demo_msgs/include/unity_robotics_demo_msgs/unity_robotics_demo_msgs/srv/detail/position_service__functions.c
[0.621s] -- Up-to-date: /home/webdrag0n/morpheus/workspace_colcon/install/unity_robotics_demo_msgs/include/unity_robotics_demo_msgs/unity_robotics_demo_msgs/srv/detail/position_service__functions.h
[0.621s] -- Up-to-date: /home/webdrag0n/morpheus/workspace_colcon/install/unity_robotics_demo_msgs/include/unity_robotics_demo_msgs/unity_robotics_demo_msgs/srv/detail/position_service__struct.h
[0.621s] -- Up-to-date: /home/webdrag0n/morpheus/workspace_colcon/install/unity_robotics_demo_msgs/include/unity_robotics_demo_msgs/unity_robotics_demo_msgs/srv/detail/object_pose_service__functions.h
[0.621s] -- Up-to-date: /home/webdrag0n/morpheus/workspace_colcon/install/unity_robotics_demo_msgs/include/unity_robotics_demo_msgs/unity_robotics_demo_msgs/srv/detail/position_service__type_support.h
[0.622s] -- Up-to-date: /home/webdrag0n/morpheus/workspace_colcon/install/unity_robotics_demo_msgs/include/unity_robotics_demo_msgs/unity_robotics_demo_msgs/srv/detail/object_pose_service__functions.c
[0.622s] -- Up-to-date: /home/webdrag0n/morpheus/workspace_colcon/install/unity_robotics_demo_msgs/include/unity_robotics_demo_msgs/unity_robotics_demo_msgs/msg
[0.622s] -- Up-to-date: /home/webdrag0n/morpheus/workspace_colcon/install/unity_robotics_demo_msgs/include/unity_robotics_demo_msgs/unity_robotics_demo_msgs/msg/pos_rot.h
[0.622s] -- Up-to-date: /home/webdrag0n/morpheus/workspace_colcon/install/unity_robotics_demo_msgs/include/unity_robotics_demo_msgs/unity_robotics_demo_msgs/msg/rosidl_generator_c__visibility_control.h
[0.622s] -- Up-to-date: /home/webdrag0n/morpheus/workspace_colcon/install/unity_robotics_demo_msgs/include/unity_robotics_demo_msgs/unity_robotics_demo_msgs/msg/detail
[0.622s] -- Up-to-date: /home/webdrag0n/morpheus/workspace_colcon/install/unity_robotics_demo_msgs/include/unity_robotics_demo_msgs/unity_robotics_demo_msgs/msg/detail/pos_rot__type_support.h
[0.622s] -- Up-to-date: /home/webdrag0n/morpheus/workspace_colcon/install/unity_robotics_demo_msgs/include/unity_robotics_demo_msgs/unity_robotics_demo_msgs/msg/detail/unity_color__type_support.h
[0.623s] -- Up-to-date: /home/webdrag0n/morpheus/workspace_colcon/install/unity_robotics_demo_msgs/include/unity_robotics_demo_msgs/unity_robotics_demo_msgs/msg/detail/pos_rot__struct.h
[0.623s] -- Up-to-date: /home/webdrag0n/morpheus/workspace_colcon/install/unity_robotics_demo_msgs/include/unity_robotics_demo_msgs/unity_robotics_demo_msgs/msg/detail/unity_color__functions.c
[0.623s] -- Up-to-date: /home/webdrag0n/morpheus/workspace_colcon/install/unity_robotics_demo_msgs/include/unity_robotics_demo_msgs/unity_robotics_demo_msgs/msg/detail/unity_color__struct.h
[0.623s] -- Up-to-date: /home/webdrag0n/morpheus/workspace_colcon/install/unity_robotics_demo_msgs/include/unity_robotics_demo_msgs/unity_robotics_demo_msgs/msg/detail/pos_rot__functions.h
[0.623s] -- Up-to-date: /home/webdrag0n/morpheus/workspace_colcon/install/unity_robotics_demo_msgs/include/unity_robotics_demo_msgs/unity_robotics_demo_msgs/msg/detail/pos_rot__functions.c
[0.623s] -- Up-to-date: /home/webdrag0n/morpheus/workspace_colcon/install/unity_robotics_demo_msgs/include/unity_robotics_demo_msgs/unity_robotics_demo_msgs/msg/detail/unity_color__functions.h
[0.623s] -- Up-to-date: /home/webdrag0n/morpheus/workspace_colcon/install/unity_robotics_demo_msgs/include/unity_robotics_demo_msgs/unity_robotics_demo_msgs/msg/unity_color.h
[0.623s] -- Up-to-date: /home/webdrag0n/morpheus/workspace_colcon/install/unity_robotics_demo_msgs/share/unity_robotics_demo_msgs/environment/library_path.sh
[0.623s] -- Up-to-date: /home/webdrag0n/morpheus/workspace_colcon/install/unity_robotics_demo_msgs/share/unity_robotics_demo_msgs/environment/library_path.dsv
[0.623s] -- Up-to-date: /home/webdrag0n/morpheus/workspace_colcon/install/unity_robotics_demo_msgs/lib/libunity_robotics_demo_msgs__rosidl_generator_c.so
[0.623s] -- Up-to-date: /home/webdrag0n/morpheus/workspace_colcon/install/unity_robotics_demo_msgs/include/unity_robotics_demo_msgs/unity_robotics_demo_msgs
[0.623s] -- Up-to-date: /home/webdrag0n/morpheus/workspace_colcon/install/unity_robotics_demo_msgs/include/unity_robotics_demo_msgs/unity_robotics_demo_msgs/srv
[0.623s] -- Up-to-date: /home/webdrag0n/morpheus/workspace_colcon/install/unity_robotics_demo_msgs/include/unity_robotics_demo_msgs/unity_robotics_demo_msgs/srv/detail
[0.624s] -- Up-to-date: /home/webdrag0n/morpheus/workspace_colcon/install/unity_robotics_demo_msgs/include/unity_robotics_demo_msgs/unity_robotics_demo_msgs/srv/detail/object_pose_service__rosidl_typesupport_fastrtps_c.h
[0.624s] -- Up-to-date: /home/webdrag0n/morpheus/workspace_colcon/install/unity_robotics_demo_msgs/include/unity_robotics_demo_msgs/unity_robotics_demo_msgs/srv/detail/position_service__rosidl_typesupport_fastrtps_c.h
[0.624s] -- Up-to-date: /home/webdrag0n/morpheus/workspace_colcon/install/unity_robotics_demo_msgs/include/unity_robotics_demo_msgs/unity_robotics_demo_msgs/msg
[0.624s] -- Up-to-date: /home/webdrag0n/morpheus/workspace_colcon/install/unity_robotics_demo_msgs/include/unity_robotics_demo_msgs/unity_robotics_demo_msgs/msg/rosidl_typesupport_fastrtps_c__visibility_control.h
[0.624s] -- Up-to-date: /home/webdrag0n/morpheus/workspace_colcon/install/unity_robotics_demo_msgs/include/unity_robotics_demo_msgs/unity_robotics_demo_msgs/msg/detail
[0.624s] -- Up-to-date: /home/webdrag0n/morpheus/workspace_colcon/install/unity_robotics_demo_msgs/include/unity_robotics_demo_msgs/unity_robotics_demo_msgs/msg/detail/unity_color__rosidl_typesupport_fastrtps_c.h
[0.624s] -- Up-to-date: /home/webdrag0n/morpheus/workspace_colcon/install/unity_robotics_demo_msgs/include/unity_robotics_demo_msgs/unity_robotics_demo_msgs/msg/detail/pos_rot__rosidl_typesupport_fastrtps_c.h
[0.624s] -- Up-to-date: /home/webdrag0n/morpheus/workspace_colcon/install/unity_robotics_demo_msgs/lib/libunity_robotics_demo_msgs__rosidl_typesupport_fastrtps_c.so
[0.625s] -- Up-to-date: /home/webdrag0n/morpheus/workspace_colcon/install/unity_robotics_demo_msgs/include/unity_robotics_demo_msgs/unity_robotics_demo_msgs
[0.625s] -- Up-to-date: /home/webdrag0n/morpheus/workspace_colcon/install/unity_robotics_demo_msgs/include/unity_robotics_demo_msgs/unity_robotics_demo_msgs/srv
[0.625s] -- Up-to-date: /home/webdrag0n/morpheus/workspace_colcon/install/unity_robotics_demo_msgs/include/unity_robotics_demo_msgs/unity_robotics_demo_msgs/srv/detail
[0.625s] -- Up-to-date: /home/webdrag0n/morpheus/workspace_colcon/install/unity_robotics_demo_msgs/include/unity_robotics_demo_msgs/unity_robotics_demo_msgs/srv/detail/position_service__type_support.c
[0.625s] -- Up-to-date: /home/webdrag0n/morpheus/workspace_colcon/install/unity_robotics_demo_msgs/include/unity_robotics_demo_msgs/unity_robotics_demo_msgs/srv/detail/position_service__rosidl_typesupport_introspection_c.h
[0.625s] -- Up-to-date: /home/webdrag0n/morpheus/workspace_colcon/install/unity_robotics_demo_msgs/include/unity_robotics_demo_msgs/unity_robotics_demo_msgs/srv/detail/object_pose_service__rosidl_typesupport_introspection_c.h
[0.625s] -- Up-to-date: /home/webdrag0n/morpheus/workspace_colcon/install/unity_robotics_demo_msgs/include/unity_robotics_demo_msgs/unity_robotics_demo_msgs/srv/detail/object_pose_service__type_support.c
[0.626s] -- Up-to-date: /home/webdrag0n/morpheus/workspace_colcon/install/unity_robotics_demo_msgs/include/unity_robotics_demo_msgs/unity_robotics_demo_msgs/msg
[0.626s] -- Up-to-date: /home/webdrag0n/morpheus/workspace_colcon/install/unity_robotics_demo_msgs/include/unity_robotics_demo_msgs/unity_robotics_demo_msgs/msg/rosidl_typesupport_introspection_c__visibility_control.h
[0.626s] -- Up-to-date: /home/webdrag0n/morpheus/workspace_colcon/install/unity_robotics_demo_msgs/include/unity_robotics_demo_msgs/unity_robotics_demo_msgs/msg/detail
[0.626s] -- Up-to-date: /home/webdrag0n/morpheus/workspace_colcon/install/unity_robotics_demo_msgs/include/unity_robotics_demo_msgs/unity_robotics_demo_msgs/msg/detail/pos_rot__rosidl_typesupport_introspection_c.h
[0.626s] -- Up-to-date: /home/webdrag0n/morpheus/workspace_colcon/install/unity_robotics_demo_msgs/include/unity_robotics_demo_msgs/unity_robotics_demo_msgs/msg/detail/unity_color__rosidl_typesupport_introspection_c.h
[0.626s] -- Up-to-date: /home/webdrag0n/morpheus/workspace_colcon/install/unity_robotics_demo_msgs/include/unity_robotics_demo_msgs/unity_robotics_demo_msgs/msg/detail/pos_rot__type_support.c
[0.626s] -- Up-to-date: /home/webdrag0n/morpheus/workspace_colcon/install/unity_robotics_demo_msgs/include/unity_robotics_demo_msgs/unity_robotics_demo_msgs/msg/detail/unity_color__type_support.c
[0.626s] -- Up-to-date: /home/webdrag0n/morpheus/workspace_colcon/install/unity_robotics_demo_msgs/lib/libunity_robotics_demo_msgs__rosidl_typesupport_introspection_c.so
[0.626s] -- Up-to-date: /home/webdrag0n/morpheus/workspace_colcon/install/unity_robotics_demo_msgs/lib/libunity_robotics_demo_msgs__rosidl_typesupport_c.so
[0.627s] -- Up-to-date: /home/webdrag0n/morpheus/workspace_colcon/install/unity_robotics_demo_msgs/include/unity_robotics_demo_msgs/unity_robotics_demo_msgs
[0.627s] -- Up-to-date: /home/webdrag0n/morpheus/workspace_colcon/install/unity_robotics_demo_msgs/include/unity_robotics_demo_msgs/unity_robotics_demo_msgs/srv
[0.627s] -- Up-to-date: /home/webdrag0n/morpheus/workspace_colcon/install/unity_robotics_demo_msgs/include/unity_robotics_demo_msgs/unity_robotics_demo_msgs/srv/position_service.hpp
[0.627s] -- Up-to-date: /home/webdrag0n/morpheus/workspace_colcon/install/unity_robotics_demo_msgs/include/unity_robotics_demo_msgs/unity_robotics_demo_msgs/srv/detail
[0.627s] -- Up-to-date: /home/webdrag0n/morpheus/workspace_colcon/install/unity_robotics_demo_msgs/include/unity_robotics_demo_msgs/unity_robotics_demo_msgs/srv/detail/position_service__builder.hpp
[0.627s] -- Up-to-date: /home/webdrag0n/morpheus/workspace_colcon/install/unity_robotics_demo_msgs/include/unity_robotics_demo_msgs/unity_robotics_demo_msgs/srv/detail/object_pose_service__struct.hpp
[0.627s] -- Up-to-date: /home/webdrag0n/morpheus/workspace_colcon/install/unity_robotics_demo_msgs/include/unity_robotics_demo_msgs/unity_robotics_demo_msgs/srv/detail/position_service__struct.hpp
[0.627s] -- Up-to-date: /home/webdrag0n/morpheus/workspace_colcon/install/unity_robotics_demo_msgs/include/unity_robotics_demo_msgs/unity_robotics_demo_msgs/srv/detail/position_service__traits.hpp
[0.628s] -- Up-to-date: /home/webdrag0n/morpheus/workspace_colcon/install/unity_robotics_demo_msgs/include/unity_robotics_demo_msgs/unity_robotics_demo_msgs/srv/detail/object_pose_service__builder.hpp
[0.628s] -- Up-to-date: /home/webdrag0n/morpheus/workspace_colcon/install/unity_robotics_demo_msgs/include/unity_robotics_demo_msgs/unity_robotics_demo_msgs/srv/detail/object_pose_service__traits.hpp
[0.628s] -- Up-to-date: /home/webdrag0n/morpheus/workspace_colcon/install/unity_robotics_demo_msgs/include/unity_robotics_demo_msgs/unity_robotics_demo_msgs/srv/object_pose_service.hpp
[0.628s] -- Up-to-date: /home/webdrag0n/morpheus/workspace_colcon/install/unity_robotics_demo_msgs/include/unity_robotics_demo_msgs/unity_robotics_demo_msgs/msg
[0.628s] -- Up-to-date: /home/webdrag0n/morpheus/workspace_colcon/install/unity_robotics_demo_msgs/include/unity_robotics_demo_msgs/unity_robotics_demo_msgs/msg/pos_rot.hpp
[0.628s] -- Up-to-date: /home/webdrag0n/morpheus/workspace_colcon/install/unity_robotics_demo_msgs/include/unity_robotics_demo_msgs/unity_robotics_demo_msgs/msg/detail
[0.629s] -- Up-to-date: /home/webdrag0n/morpheus/workspace_colcon/install/unity_robotics_demo_msgs/include/unity_robotics_demo_msgs/unity_robotics_demo_msgs/msg/detail/pos_rot__struct.hpp
[0.629s] -- Up-to-date: /home/webdrag0n/morpheus/workspace_colcon/install/unity_robotics_demo_msgs/include/unity_robotics_demo_msgs/unity_robotics_demo_msgs/msg/detail/unity_color__traits.hpp
[0.629s] -- Up-to-date: /home/webdrag0n/morpheus/workspace_colcon/install/unity_robotics_demo_msgs/include/unity_robotics_demo_msgs/unity_robotics_demo_msgs/msg/detail/pos_rot__traits.hpp
[0.629s] -- Up-to-date: /home/webdrag0n/morpheus/workspace_colcon/install/unity_robotics_demo_msgs/include/unity_robotics_demo_msgs/unity_robotics_demo_msgs/msg/detail/unity_color__builder.hpp
[0.629s] -- Up-to-date: /home/webdrag0n/morpheus/workspace_colcon/install/unity_robotics_demo_msgs/include/unity_robotics_demo_msgs/unity_robotics_demo_msgs/msg/detail/unity_color__struct.hpp
[0.629s] -- Up-to-date: /home/webdrag0n/morpheus/workspace_colcon/install/unity_robotics_demo_msgs/include/unity_robotics_demo_msgs/unity_robotics_demo_msgs/msg/detail/pos_rot__builder.hpp
[0.629s] -- Up-to-date: /home/webdrag0n/morpheus/workspace_colcon/install/unity_robotics_demo_msgs/include/unity_robotics_demo_msgs/unity_robotics_demo_msgs/msg/unity_color.hpp
[0.629s] -- Up-to-date: /home/webdrag0n/morpheus/workspace_colcon/install/unity_robotics_demo_msgs/include/unity_robotics_demo_msgs/unity_robotics_demo_msgs
[0.629s] -- Up-to-date: /home/webdrag0n/morpheus/workspace_colcon/install/unity_robotics_demo_msgs/include/unity_robotics_demo_msgs/unity_robotics_demo_msgs/srv
[0.630s] -- Up-to-date: /home/webdrag0n/morpheus/workspace_colcon/install/unity_robotics_demo_msgs/include/unity_robotics_demo_msgs/unity_robotics_demo_msgs/srv/detail
[0.630s] -- Up-to-date: /home/webdrag0n/morpheus/workspace_colcon/install/unity_robotics_demo_msgs/include/unity_robotics_demo_msgs/unity_robotics_demo_msgs/srv/detail/position_service__rosidl_typesupport_fastrtps_cpp.hpp
[0.630s] -- Up-to-date: /home/webdrag0n/morpheus/workspace_colcon/install/unity_robotics_demo_msgs/include/unity_robotics_demo_msgs/unity_robotics_demo_msgs/srv/detail/object_pose_service__rosidl_typesupport_fastrtps_cpp.hpp
[0.630s] -- Up-to-date: /home/webdrag0n/morpheus/workspace_colcon/install/unity_robotics_demo_msgs/include/unity_robotics_demo_msgs/unity_robotics_demo_msgs/srv/detail/dds_fastrtps
[0.630s] -- Up-to-date: /home/webdrag0n/morpheus/workspace_colcon/install/unity_robotics_demo_msgs/include/unity_robotics_demo_msgs/unity_robotics_demo_msgs/msg
[0.630s] -- Up-to-date: /home/webdrag0n/morpheus/workspace_colcon/install/unity_robotics_demo_msgs/include/unity_robotics_demo_msgs/unity_robotics_demo_msgs/msg/rosidl_typesupport_fastrtps_cpp__visibility_control.h
[0.630s] -- Up-to-date: /home/webdrag0n/morpheus/workspace_colcon/install/unity_robotics_demo_msgs/include/unity_robotics_demo_msgs/unity_robotics_demo_msgs/msg/detail
[0.630s] -- Up-to-date: /home/webdrag0n/morpheus/workspace_colcon/install/unity_robotics_demo_msgs/include/unity_robotics_demo_msgs/unity_robotics_demo_msgs/msg/detail/pos_rot__rosidl_typesupport_fastrtps_cpp.hpp
[0.630s] -- Up-to-date: /home/webdrag0n/morpheus/workspace_colcon/install/unity_robotics_demo_msgs/include/unity_robotics_demo_msgs/unity_robotics_demo_msgs/msg/detail/dds_fastrtps
[0.630s] -- Up-to-date: /home/webdrag0n/morpheus/workspace_colcon/install/unity_robotics_demo_msgs/include/unity_robotics_demo_msgs/unity_robotics_demo_msgs/msg/detail/unity_color__rosidl_typesupport_fastrtps_cpp.hpp
[0.630s] -- Up-to-date: /home/webdrag0n/morpheus/workspace_colcon/install/unity_robotics_demo_msgs/lib/libunity_robotics_demo_msgs__rosidl_typesupport_fastrtps_cpp.so
[0.630s] -- Up-to-date: /home/webdrag0n/morpheus/workspace_colcon/install/unity_robotics_demo_msgs/include/unity_robotics_demo_msgs/unity_robotics_demo_msgs
[0.630s] -- Up-to-date: /home/webdrag0n/morpheus/workspace_colcon/install/unity_robotics_demo_msgs/include/unity_robotics_demo_msgs/unity_robotics_demo_msgs/srv
[0.630s] -- Up-to-date: /home/webdrag0n/morpheus/workspace_colcon/install/unity_robotics_demo_msgs/include/unity_robotics_demo_msgs/unity_robotics_demo_msgs/srv/detail
[0.630s] -- Up-to-date: /home/webdrag0n/morpheus/workspace_colcon/install/unity_robotics_demo_msgs/include/unity_robotics_demo_msgs/unity_robotics_demo_msgs/srv/detail/object_pose_service__type_support.cpp
[0.630s] -- Up-to-date: /home/webdrag0n/morpheus/workspace_colcon/install/unity_robotics_demo_msgs/include/unity_robotics_demo_msgs/unity_robotics_demo_msgs/srv/detail/position_service__type_support.cpp
[0.630s] -- Up-to-date: /home/webdrag0n/morpheus/workspace_colcon/install/unity_robotics_demo_msgs/include/unity_robotics_demo_msgs/unity_robotics_demo_msgs/srv/detail/object_pose_service__rosidl_typesupport_introspection_cpp.hpp
[0.630s] -- Up-to-date: /home/webdrag0n/morpheus/workspace_colcon/install/unity_robotics_demo_msgs/include/unity_robotics_demo_msgs/unity_robotics_demo_msgs/srv/detail/position_service__rosidl_typesupport_introspection_cpp.hpp
[0.631s] -- Up-to-date: /home/webdrag0n/morpheus/workspace_colcon/install/unity_robotics_demo_msgs/include/unity_robotics_demo_msgs/unity_robotics_demo_msgs/msg
[0.631s] -- Up-to-date: /home/webdrag0n/morpheus/workspace_colcon/install/unity_robotics_demo_msgs/include/unity_robotics_demo_msgs/unity_robotics_demo_msgs/msg/detail
[0.631s] -- Up-to-date: /home/webdrag0n/morpheus/workspace_colcon/install/unity_robotics_demo_msgs/include/unity_robotics_demo_msgs/unity_robotics_demo_msgs/msg/detail/pos_rot__type_support.cpp
[0.631s] -- Up-to-date: /home/webdrag0n/morpheus/workspace_colcon/install/unity_robotics_demo_msgs/include/unity_robotics_demo_msgs/unity_robotics_demo_msgs/msg/detail/unity_color__type_support.cpp
[0.631s] -- Up-to-date: /home/webdrag0n/morpheus/workspace_colcon/install/unity_robotics_demo_msgs/include/unity_robotics_demo_msgs/unity_robotics_demo_msgs/msg/detail/pos_rot__rosidl_typesupport_introspection_cpp.hpp
[0.631s] -- Up-to-date: /home/webdrag0n/morpheus/workspace_colcon/install/unity_robotics_demo_msgs/include/unity_robotics_demo_msgs/unity_robotics_demo_msgs/msg/detail/unity_color__rosidl_typesupport_introspection_cpp.hpp
[0.631s] -- Up-to-date: /home/webdrag0n/morpheus/workspace_colcon/install/unity_robotics_demo_msgs/lib/libunity_robotics_demo_msgs__rosidl_typesupport_introspection_cpp.so
[0.631s] -- Up-to-date: /home/webdrag0n/morpheus/workspace_colcon/install/unity_robotics_demo_msgs/lib/libunity_robotics_demo_msgs__rosidl_typesupport_cpp.so
[0.631s] -- Up-to-date: /home/webdrag0n/morpheus/workspace_colcon/install/unity_robotics_demo_msgs/share/unity_robotics_demo_msgs/environment/pythonpath.sh
[0.631s] -- Up-to-date: /home/webdrag0n/morpheus/workspace_colcon/install/unity_robotics_demo_msgs/share/unity_robotics_demo_msgs/environment/pythonpath.dsv
[0.631s] -- Up-to-date: /home/webdrag0n/morpheus/workspace_colcon/install/unity_robotics_demo_msgs/local/lib/python3.10/dist-packages/unity_robotics_demo_msgs-0.0.1-py3.10.egg-info
[0.631s] -- Installing: /home/webdrag0n/morpheus/workspace_colcon/install/unity_robotics_demo_msgs/local/lib/python3.10/dist-packages/unity_robotics_demo_msgs-0.0.1-py3.10.egg-info/top_level.txt
[0.631s] -- Installing: /home/webdrag0n/morpheus/workspace_colcon/install/unity_robotics_demo_msgs/local/lib/python3.10/dist-packages/unity_robotics_demo_msgs-0.0.1-py3.10.egg-info/dependency_links.txt
[0.631s] -- Installing: /home/webdrag0n/morpheus/workspace_colcon/install/unity_robotics_demo_msgs/local/lib/python3.10/dist-packages/unity_robotics_demo_msgs-0.0.1-py3.10.egg-info/SOURCES.txt
[0.631s] -- Installing: /home/webdrag0n/morpheus/workspace_colcon/install/unity_robotics_demo_msgs/local/lib/python3.10/dist-packages/unity_robotics_demo_msgs-0.0.1-py3.10.egg-info/PKG-INFO
[0.631s] -- Up-to-date: /home/webdrag0n/morpheus/workspace_colcon/install/unity_robotics_demo_msgs/local/lib/python3.10/dist-packages/unity_robotics_demo_msgs
[0.631s] -- Up-to-date: /home/webdrag0n/morpheus/workspace_colcon/install/unity_robotics_demo_msgs/local/lib/python3.10/dist-packages/unity_robotics_demo_msgs/libunity_robotics_demo_msgs__rosidl_generator_py.so
[0.631s] -- Up-to-date: /home/webdrag0n/morpheus/workspace_colcon/install/unity_robotics_demo_msgs/local/lib/python3.10/dist-packages/unity_robotics_demo_msgs/_unity_robotics_demo_msgs_s.ep.rosidl_typesupport_fastrtps_c.c
[0.631s] -- Up-to-date: /home/webdrag0n/morpheus/workspace_colcon/install/unity_robotics_demo_msgs/local/lib/python3.10/dist-packages/unity_robotics_demo_msgs/srv
[0.631s] -- Up-to-date: /home/webdrag0n/morpheus/workspace_colcon/install/unity_robotics_demo_msgs/local/lib/python3.10/dist-packages/unity_robotics_demo_msgs/srv/_position_service.py
[0.631s] -- Up-to-date: /home/webdrag0n/morpheus/workspace_colcon/install/unity_robotics_demo_msgs/local/lib/python3.10/dist-packages/unity_robotics_demo_msgs/srv/_object_pose_service_s.c
[0.631s] -- Up-to-date: /home/webdrag0n/morpheus/workspace_colcon/install/unity_robotics_demo_msgs/local/lib/python3.10/dist-packages/unity_robotics_demo_msgs/srv/_position_service_s.c
[0.631s] -- Up-to-date: /home/webdrag0n/morpheus/workspace_colcon/install/unity_robotics_demo_msgs/local/lib/python3.10/dist-packages/unity_robotics_demo_msgs/srv/__init__.py
[0.631s] -- Up-to-date: /home/webdrag0n/morpheus/workspace_colcon/install/unity_robotics_demo_msgs/local/lib/python3.10/dist-packages/unity_robotics_demo_msgs/srv/_object_pose_service.py
[0.631s] -- Up-to-date: /home/webdrag0n/morpheus/workspace_colcon/install/unity_robotics_demo_msgs/local/lib/python3.10/dist-packages/unity_robotics_demo_msgs/_unity_robotics_demo_msgs_s.ep.rosidl_typesupport_c.c
[0.631s] -- Up-to-date: /home/webdrag0n/morpheus/workspace_colcon/install/unity_robotics_demo_msgs/local/lib/python3.10/dist-packages/unity_robotics_demo_msgs/unity_robotics_demo_msgs_s__rosidl_typesupport_c.cpython-310-x86_64-linux-gnu.so
[0.631s] -- Up-to-date: /home/webdrag0n/morpheus/workspace_colcon/install/unity_robotics_demo_msgs/local/lib/python3.10/dist-packages/unity_robotics_demo_msgs/msg
[0.631s] -- Up-to-date: /home/webdrag0n/morpheus/workspace_colcon/install/unity_robotics_demo_msgs/local/lib/python3.10/dist-packages/unity_robotics_demo_msgs/msg/_unity_color.py
[0.631s] -- Up-to-date: /home/webdrag0n/morpheus/workspace_colcon/install/unity_robotics_demo_msgs/local/lib/python3.10/dist-packages/unity_robotics_demo_msgs/msg/_pos_rot.py
[0.631s] -- Up-to-date: /home/webdrag0n/morpheus/workspace_colcon/install/unity_robotics_demo_msgs/local/lib/python3.10/dist-packages/unity_robotics_demo_msgs/msg/_unity_color_s.c
[0.631s] -- Up-to-date: /home/webdrag0n/morpheus/workspace_colcon/install/unity_robotics_demo_msgs/local/lib/python3.10/dist-packages/unity_robotics_demo_msgs/msg/_pos_rot_s.c
[0.631s] -- Up-to-date: /home/webdrag0n/morpheus/workspace_colcon/install/unity_robotics_demo_msgs/local/lib/python3.10/dist-packages/unity_robotics_demo_msgs/msg/__init__.py
[0.631s] -- Up-to-date: /home/webdrag0n/morpheus/workspace_colcon/install/unity_robotics_demo_msgs/local/lib/python3.10/dist-packages/unity_robotics_demo_msgs/unity_robotics_demo_msgs_s__rosidl_typesupport_fastrtps_c.cpython-310-x86_64-linux-gnu.so
[0.631s] -- Up-to-date: /home/webdrag0n/morpheus/workspace_colcon/install/unity_robotics_demo_msgs/local/lib/python3.10/dist-packages/unity_robotics_demo_msgs/_unity_robotics_demo_msgs_s.ep.rosidl_typesupport_introspection_c.c
[0.632s] -- Up-to-date: /home/webdrag0n/morpheus/workspace_colcon/install/unity_robotics_demo_msgs/local/lib/python3.10/dist-packages/unity_robotics_demo_msgs/unity_robotics_demo_msgs_s__rosidl_typesupport_introspection_c.cpython-310-x86_64-linux-gnu.so
[0.632s] -- Up-to-date: /home/webdrag0n/morpheus/workspace_colcon/install/unity_robotics_demo_msgs/local/lib/python3.10/dist-packages/unity_robotics_demo_msgs/__init__.py
[0.651s] Listing '/home/webdrag0n/morpheus/workspace_colcon/install/unity_robotics_demo_msgs/local/lib/python3.10/dist-packages/unity_robotics_demo_msgs'...
[0.651s] Listing '/home/webdrag0n/morpheus/workspace_colcon/install/unity_robotics_demo_msgs/local/lib/python3.10/dist-packages/unity_robotics_demo_msgs/msg'...
[0.651s] Listing '/home/webdrag0n/morpheus/workspace_colcon/install/unity_robotics_demo_msgs/local/lib/python3.10/dist-packages/unity_robotics_demo_msgs/srv'...
[0.653s] -- Up-to-date: /home/webdrag0n/morpheus/workspace_colcon/install/unity_robotics_demo_msgs/local/lib/python3.10/dist-packages/unity_robotics_demo_msgs/unity_robotics_demo_msgs_s__rosidl_typesupport_fastrtps_c.cpython-310-x86_64-linux-gnu.so
[0.653s] -- Up-to-date: /home/webdrag0n/morpheus/workspace_colcon/install/unity_robotics_demo_msgs/local/lib/python3.10/dist-packages/unity_robotics_demo_msgs/unity_robotics_demo_msgs_s__rosidl_typesupport_introspection_c.cpython-310-x86_64-linux-gnu.so
[0.654s] -- Up-to-date: /home/webdrag0n/morpheus/workspace_colcon/install/unity_robotics_demo_msgs/local/lib/python3.10/dist-packages/unity_robotics_demo_msgs/unity_robotics_demo_msgs_s__rosidl_typesupport_c.cpython-310-x86_64-linux-gnu.so
[0.654s] -- Up-to-date: /home/webdrag0n/morpheus/workspace_colcon/install/unity_robotics_demo_msgs/lib/libunity_robotics_demo_msgs__rosidl_generator_py.so
[0.654s] -- Up-to-date: /home/webdrag0n/morpheus/workspace_colcon/install/unity_robotics_demo_msgs/share/unity_robotics_demo_msgs/msg/PosRot.idl
[0.654s] -- Up-to-date: /home/webdrag0n/morpheus/workspace_colcon/install/unity_robotics_demo_msgs/share/unity_robotics_demo_msgs/msg/UnityColor.idl
[0.654s] -- Up-to-date: /home/webdrag0n/morpheus/workspace_colcon/install/unity_robotics_demo_msgs/share/unity_robotics_demo_msgs/srv/PositionService.idl
[0.655s] -- Up-to-date: /home/webdrag0n/morpheus/workspace_colcon/install/unity_robotics_demo_msgs/share/unity_robotics_demo_msgs/srv/ObjectPoseService.idl
[0.655s] -- Up-to-date: /home/webdrag0n/morpheus/workspace_colcon/install/unity_robotics_demo_msgs/share/unity_robotics_demo_msgs/msg/PosRot.msg
[0.655s] -- Up-to-date: /home/webdrag0n/morpheus/workspace_colcon/install/unity_robotics_demo_msgs/share/unity_robotics_demo_msgs/msg/UnityColor.msg
[0.655s] -- Up-to-date: /home/webdrag0n/morpheus/workspace_colcon/install/unity_robotics_demo_msgs/share/unity_robotics_demo_msgs/srv/PositionService.srv
[0.656s] -- Up-to-date: /home/webdrag0n/morpheus/workspace_colcon/install/unity_robotics_demo_msgs/share/unity_robotics_demo_msgs/srv/PositionService_Request.msg
[0.656s] -- Up-to-date: /home/webdrag0n/morpheus/workspace_colcon/install/unity_robotics_demo_msgs/share/unity_robotics_demo_msgs/srv/PositionService_Response.msg
[0.656s] -- Up-to-date: /home/webdrag0n/morpheus/workspace_colcon/install/unity_robotics_demo_msgs/share/unity_robotics_demo_msgs/srv/ObjectPoseService.srv
[0.656s] -- Up-to-date: /home/webdrag0n/morpheus/workspace_colcon/install/unity_robotics_demo_msgs/share/unity_robotics_demo_msgs/srv/ObjectPoseService_Request.msg
[0.656s] -- Up-to-date: /home/webdrag0n/morpheus/workspace_colcon/install/unity_robotics_demo_msgs/share/unity_robotics_demo_msgs/srv/ObjectPoseService_Response.msg
[0.656s] -- Up-to-date: /home/webdrag0n/morpheus/workspace_colcon/install/unity_robotics_demo_msgs/share/ament_index/resource_index/package_run_dependencies/unity_robotics_demo_msgs
[0.657s] -- Up-to-date: /home/webdrag0n/morpheus/workspace_colcon/install/unity_robotics_demo_msgs/share/ament_index/resource_index/parent_prefix_path/unity_robotics_demo_msgs
[0.657s] -- Up-to-date: /home/webdrag0n/morpheus/workspace_colcon/install/unity_robotics_demo_msgs/share/unity_robotics_demo_msgs/environment/ament_prefix_path.sh
[0.657s] -- Up-to-date: /home/webdrag0n/morpheus/workspace_colcon/install/unity_robotics_demo_msgs/share/unity_robotics_demo_msgs/environment/ament_prefix_path.dsv
[0.657s] -- Up-to-date: /home/webdrag0n/morpheus/workspace_colcon/install/unity_robotics_demo_msgs/share/unity_robotics_demo_msgs/environment/path.sh
[0.657s] -- Up-to-date: /home/webdrag0n/morpheus/workspace_colcon/install/unity_robotics_demo_msgs/share/unity_robotics_demo_msgs/environment/path.dsv
[0.657s] -- Up-to-date: /home/webdrag0n/morpheus/workspace_colcon/install/unity_robotics_demo_msgs/share/unity_robotics_demo_msgs/local_setup.bash
[0.657s] -- Up-to-date: /home/webdrag0n/morpheus/workspace_colcon/install/unity_robotics_demo_msgs/share/unity_robotics_demo_msgs/local_setup.sh
[0.657s] -- Up-to-date: /home/webdrag0n/morpheus/workspace_colcon/install/unity_robotics_demo_msgs/share/unity_robotics_demo_msgs/local_setup.zsh
[0.657s] -- Up-to-date: /home/webdrag0n/morpheus/workspace_colcon/install/unity_robotics_demo_msgs/share/unity_robotics_demo_msgs/local_setup.dsv
[0.657s] -- Installing: /home/webdrag0n/morpheus/workspace_colcon/install/unity_robotics_demo_msgs/share/unity_robotics_demo_msgs/package.dsv
[0.657s] -- Up-to-date: /home/webdrag0n/morpheus/workspace_colcon/install/unity_robotics_demo_msgs/share/ament_index/resource_index/packages/unity_robotics_demo_msgs
[0.658s] -- Up-to-date: /home/webdrag0n/morpheus/workspace_colcon/install/unity_robotics_demo_msgs/share/unity_robotics_demo_msgs/cmake/export_unity_robotics_demo_msgs__rosidl_generator_cExport.cmake
[0.658s] -- Up-to-date: /home/webdrag0n/morpheus/workspace_colcon/install/unity_robotics_demo_msgs/share/unity_robotics_demo_msgs/cmake/export_unity_robotics_demo_msgs__rosidl_generator_cExport-noconfig.cmake
[0.658s] -- Up-to-date: /home/webdrag0n/morpheus/workspace_colcon/install/unity_robotics_demo_msgs/share/unity_robotics_demo_msgs/cmake/export_unity_robotics_demo_msgs__rosidl_typesupport_fastrtps_cExport.cmake
[0.658s] -- Up-to-date: /home/webdrag0n/morpheus/workspace_colcon/install/unity_robotics_demo_msgs/share/unity_robotics_demo_msgs/cmake/export_unity_robotics_demo_msgs__rosidl_typesupport_fastrtps_cExport-noconfig.cmake
[0.658s] -- Up-to-date: /home/webdrag0n/morpheus/workspace_colcon/install/unity_robotics_demo_msgs/share/unity_robotics_demo_msgs/cmake/unity_robotics_demo_msgs__rosidl_typesupport_introspection_cExport.cmake
[0.658s] -- Up-to-date: /home/webdrag0n/morpheus/workspace_colcon/install/unity_robotics_demo_msgs/share/unity_robotics_demo_msgs/cmake/unity_robotics_demo_msgs__rosidl_typesupport_introspection_cExport-noconfig.cmake
[0.658s] -- Up-to-date: /home/webdrag0n/morpheus/workspace_colcon/install/unity_robotics_demo_msgs/share/unity_robotics_demo_msgs/cmake/unity_robotics_demo_msgs__rosidl_typesupport_cExport.cmake
[0.658s] -- Up-to-date: /home/webdrag0n/morpheus/workspace_colcon/install/unity_robotics_demo_msgs/share/unity_robotics_demo_msgs/cmake/unity_robotics_demo_msgs__rosidl_typesupport_cExport-noconfig.cmake
[0.658s] -- Up-to-date: /home/webdrag0n/morpheus/workspace_colcon/install/unity_robotics_demo_msgs/share/unity_robotics_demo_msgs/cmake/export_unity_robotics_demo_msgs__rosidl_generator_cppExport.cmake
[0.658s] -- Up-to-date: /home/webdrag0n/morpheus/workspace_colcon/install/unity_robotics_demo_msgs/share/unity_robotics_demo_msgs/cmake/export_unity_robotics_demo_msgs__rosidl_typesupport_fastrtps_cppExport.cmake
[0.658s] -- Up-to-date: /home/webdrag0n/morpheus/workspace_colcon/install/unity_robotics_demo_msgs/share/unity_robotics_demo_msgs/cmake/export_unity_robotics_demo_msgs__rosidl_typesupport_fastrtps_cppExport-noconfig.cmake
[0.658s] -- Up-to-date: /home/webdrag0n/morpheus/workspace_colcon/install/unity_robotics_demo_msgs/share/unity_robotics_demo_msgs/cmake/unity_robotics_demo_msgs__rosidl_typesupport_introspection_cppExport.cmake
[0.658s] -- Up-to-date: /home/webdrag0n/morpheus/workspace_colcon/install/unity_robotics_demo_msgs/share/unity_robotics_demo_msgs/cmake/unity_robotics_demo_msgs__rosidl_typesupport_introspection_cppExport-noconfig.cmake
[0.658s] -- Up-to-date: /home/webdrag0n/morpheus/workspace_colcon/install/unity_robotics_demo_msgs/share/unity_robotics_demo_msgs/cmake/unity_robotics_demo_msgs__rosidl_typesupport_cppExport.cmake
[0.658s] -- Up-to-date: /home/webdrag0n/morpheus/workspace_colcon/install/unity_robotics_demo_msgs/share/unity_robotics_demo_msgs/cmake/unity_robotics_demo_msgs__rosidl_typesupport_cppExport-noconfig.cmake
[0.658s] -- Up-to-date: /home/webdrag0n/morpheus/workspace_colcon/install/unity_robotics_demo_msgs/share/unity_robotics_demo_msgs/cmake/export_unity_robotics_demo_msgs__rosidl_generator_pyExport.cmake
[0.659s] -- Up-to-date: /home/webdrag0n/morpheus/workspace_colcon/install/unity_robotics_demo_msgs/share/unity_robotics_demo_msgs/cmake/export_unity_robotics_demo_msgs__rosidl_generator_pyExport-noconfig.cmake
[0.659s] -- Up-to-date: /home/webdrag0n/morpheus/workspace_colcon/install/unity_robotics_demo_msgs/share/unity_robotics_demo_msgs/cmake/rosidl_cmake-extras.cmake
[0.659s] -- Up-to-date: /home/webdrag0n/morpheus/workspace_colcon/install/unity_robotics_demo_msgs/share/unity_robotics_demo_msgs/cmake/ament_cmake_export_dependencies-extras.cmake
[0.659s] -- Up-to-date: /home/webdrag0n/morpheus/workspace_colcon/install/unity_robotics_demo_msgs/share/unity_robotics_demo_msgs/cmake/ament_cmake_export_include_directories-extras.cmake
[0.659s] -- Up-to-date: /home/webdrag0n/morpheus/workspace_colcon/install/unity_robotics_demo_msgs/share/unity_robotics_demo_msgs/cmake/ament_cmake_export_libraries-extras.cmake
[0.660s] -- Up-to-date: /home/webdrag0n/morpheus/workspace_colcon/install/unity_robotics_demo_msgs/share/unity_robotics_demo_msgs/cmake/ament_cmake_export_targets-extras.cmake
[0.660s] -- Up-to-date: /home/webdrag0n/morpheus/workspace_colcon/install/unity_robotics_demo_msgs/share/unity_robotics_demo_msgs/cmake/rosidl_cmake_export_typesupport_targets-extras.cmake
[0.660s] -- Up-to-date: /home/webdrag0n/morpheus/workspace_colcon/install/unity_robotics_demo_msgs/share/unity_robotics_demo_msgs/cmake/rosidl_cmake_export_typesupport_libraries-extras.cmake
[0.660s] -- Up-to-date: /home/webdrag0n/morpheus/workspace_colcon/install/unity_robotics_demo_msgs/share/unity_robotics_demo_msgs/cmake/unity_robotics_demo_msgsConfig.cmake
[0.660s] -- Up-to-date: /home/webdrag0n/morpheus/workspace_colcon/install/unity_robotics_demo_msgs/share/unity_robotics_demo_msgs/cmake/unity_robotics_demo_msgsConfig-version.cmake
[0.660s] -- Up-to-date: /home/webdrag0n/morpheus/workspace_colcon/install/unity_robotics_demo_msgs/share/unity_robotics_demo_msgs/package.xml
[0.661s] Invoked command in '/home/webdrag0n/morpheus/workspace_colcon/build/unity_robotics_demo_msgs' returned '0': CMAKE_PREFIX_PATH=${CMAKE_PREFIX_PATH}:/home/webdrag0n/morpheus/workspace_colcon/install/unity_robotics_demo:/home/webdrag0n/morpheus/workspace_colcon/install/ros_tcp_endpoint:/opt/ros/humble /usr/bin/cmake --install /home/webdrag0n/morpheus/workspace_colcon/build/unity_robotics_demo_msgs
